11-Sep-2019 17:33:12.928 INFO [main] org.apache.catalina.startup.VersionLoggerListener.log Server version name:   Apache Tomcat/9.0.14
11-Sep-2019 17:33:12.937 INFO [main] org.apache.catalina.startup.VersionLoggerListener.log Server built:          Dec 6 2018 21:13:53 UTC
11-Sep-2019 17:33:12.938 INFO [main] org.apache.catalina.startup.VersionLoggerListener.log Server version number: 9.0.14.0
11-Sep-2019 17:33:12.938 INFO [main] org.apache.catalina.startup.VersionLoggerListener.log OS Name:               Windows 10
11-Sep-2019 17:33:12.938 INFO [main] org.apache.catalina.startup.VersionLoggerListener.log OS Version:            10.0
11-Sep-2019 17:33:12.939 INFO [main] org.apache.catalina.startup.VersionLoggerListener.log Architecture:          amd64
11-Sep-2019 17:33:12.939 INFO [main] org.apache.catalina.startup.VersionLoggerListener.log Java Home:             C:\Program Files\Java\jdk-11.0.4
11-Sep-2019 17:33:12.939 INFO [main] org.apache.catalina.startup.VersionLoggerListener.log JVM Version:           11.0.4+10-LTS
11-Sep-2019 17:33:12.940 INFO [main] org.apache.catalina.startup.VersionLoggerListener.log JVM Vendor:            Oracle Corporation
11-Sep-2019 17:33:12.940 INFO [main] org.apache.catalina.startup.VersionLoggerListener.log CATALINA_BASE:         C:\Users\adria\Desktop\repok\Java\apache-tomcat-9.0.14
11-Sep-2019 17:33:12.940 INFO [main] org.apache.catalina.startup.VersionLoggerListener.log CATALINA_HOME:         C:\Users\adria\Desktop\repok\Java\apache-tomcat-9.0.14
11-Sep-2019 17:33:12.940 INFO [main] org.apache.catalina.startup.VersionLoggerListener.log Command line argument: --add-opens=java.base/java.lang=ALL-UNNAMED
11-Sep-2019 17:33:12.941 INFO [main] org.apache.catalina.startup.VersionLoggerListener.log Command line argument: --add-opens=java.base/java.io=ALL-UNNAMED
11-Sep-2019 17:33:12.941 INFO [main] org.apache.catalina.startup.VersionLoggerListener.log Command line argument: --add-opens=java.rmi/sun.rmi.transport=ALL-UNNAMED
11-Sep-2019 17:33:12.941 INFO [main] org.apache.catalina.startup.VersionLoggerListener.log Command line argument: -Djava.util.logging.config.file=C:\Users\adria\Desktop\repok\Java\apache-tomcat-9.0.14\conf\logging.properties
11-Sep-2019 17:33:12.941 INFO [main] org.apache.catalina.startup.VersionLoggerListener.log Command line argument: -Djava.util.logging.manager=org.apache.juli.ClassLoaderLogManager
11-Sep-2019 17:33:12.942 INFO [main] org.apache.catalina.startup.VersionLoggerListener.log Command line argument: -Djdk.tls.ephemeralDHKeySize=2048
11-Sep-2019 17:33:12.943 INFO [main] org.apache.catalina.startup.VersionLoggerListener.log Command line argument: -Djava.protocol.handler.pkgs=org.apache.catalina.webresources
11-Sep-2019 17:33:12.943 INFO [main] org.apache.catalina.startup.VersionLoggerListener.log Command line argument: -Dignore.endorsed.dirs=
11-Sep-2019 17:33:12.943 INFO [main] org.apache.catalina.startup.VersionLoggerListener.log Command line argument: -Dcatalina.base=C:\Users\adria\Desktop\repok\Java\apache-tomcat-9.0.14
11-Sep-2019 17:33:12.944 INFO [main] org.apache.catalina.startup.VersionLoggerListener.log Command line argument: -Dcatalina.home=C:\Users\adria\Desktop\repok\Java\apache-tomcat-9.0.14
11-Sep-2019 17:33:12.944 INFO [main] org.apache.catalina.startup.VersionLoggerListener.log Command line argument: -Djava.io.tmpdir=C:\Users\adria\Desktop\repok\Java\apache-tomcat-9.0.14\temp
11-Sep-2019 17:33:12.944 INFO [main] org.apache.catalina.core.AprLifecycleListener.lifecycleEvent Loaded APR based Apache Tomcat Native library [1.2.19] using APR version [1.6.5].
11-Sep-2019 17:33:12.945 INFO [main] org.apache.catalina.core.AprLifecycleListener.lifecycleEvent APR capabilities: IPv6 [true], sendfile [true], accept filters [false], random [true].
11-Sep-2019 17:33:12.945 INFO [main] org.apache.catalina.core.AprLifecycleListener.lifecycleEvent APR/OpenSSL configuration: useAprConnector [false], useOpenSSL [true]
11-Sep-2019 17:33:12.964 INFO [main] org.apache.catalina.core.AprLifecycleListener.initializeSSL OpenSSL successfully initialized [OpenSSL 1.1.1a  20 Nov 2018]
11-Sep-2019 17:33:13.019 INFO [main] org.apache.coyote.AbstractProtocol.init Initializing ProtocolHandler ["http-nio-8080"]
11-Sep-2019 17:33:13.134 INFO [main] org.apache.coyote.AbstractProtocol.init Initializing ProtocolHandler ["ajp-nio-8009"]
11-Sep-2019 17:33:13.142 INFO [main] org.apache.catalina.startup.Catalina.load Server initialization in [847] milliseconds
11-Sep-2019 17:33:13.219 INFO [main] org.apache.catalina.core.StandardService.startInternal Starting service [Catalina]
11-Sep-2019 17:33:13.221 INFO [main] org.apache.catalina.core.StandardEngine.startInternal Starting Servlet engine: [Apache Tomcat/9.0.14]
11-Sep-2019 17:33:13.234 INFO [main] org.apache.catalina.startup.HostConfig.deployDirectory Deploying web application directory [C:\Users\adria\Desktop\repok\Java\apache-tomcat-9.0.14\webapps\Binfa]
11-Sep-2019 17:33:13.878 INFO [main] org.apache.catalina.startup.HostConfig.deployDirectory Deployment of web application directory [C:\Users\adria\Desktop\repok\Java\apache-tomcat-9.0.14\webapps\Binfa] has finished in [643] ms
11-Sep-2019 17:33:13.879 INFO [main] org.apache.catalina.startup.HostConfig.deployDirectory Deploying web application directory [C:\Users\adria\Desktop\repok\Java\apache-tomcat-9.0.14\webapps\docs]
11-Sep-2019 17:33:13.920 INFO [main] org.apache.catalina.startup.HostConfig.deployDirectory Deployment of web application directory [C:\Users\adria\Desktop\repok\Java\apache-tomcat-9.0.14\webapps\docs] has finished in [42] ms
11-Sep-2019 17:33:13.921 INFO [main] org.apache.catalina.startup.HostConfig.deployDirectory Deploying web application directory [C:\Users\adria\Desktop\repok\Java\apache-tomcat-9.0.14\webapps\examples]
11-Sep-2019 17:33:15.498 INFO [main] org.apache.catalina.startup.HostConfig.deployDirectory Deployment of web application directory [C:\Users\adria\Desktop\repok\Java\apache-tomcat-9.0.14\webapps\examples] has finished in [1,577] ms
11-Sep-2019 17:33:15.499 INFO [main] org.apache.catalina.startup.HostConfig.deployDirectory Deploying web application directory [C:\Users\adria\Desktop\repok\Java\apache-tomcat-9.0.14\webapps\host-manager]
11-Sep-2019 17:33:15.568 INFO [main] org.apache.catalina.startup.HostConfig.deployDirectory Deployment of web application directory [C:\Users\adria\Desktop\repok\Java\apache-tomcat-9.0.14\webapps\host-manager] has finished in [69] ms
11-Sep-2019 17:33:15.570 INFO [main] org.apache.catalina.startup.HostConfig.deployDirectory Deploying web application directory [C:\Users\adria\Desktop\repok\Java\apache-tomcat-9.0.14\webapps\manager]
11-Sep-2019 17:33:15.668 INFO [main] org.apache.catalina.startup.HostConfig.deployDirectory Deployment of web application directory [C:\Users\adria\Desktop\repok\Java\apache-tomcat-9.0.14\webapps\manager] has finished in [99] ms
11-Sep-2019 17:33:15.672 INFO [main] org.apache.catalina.startup.HostConfig.deployDirectory Deploying web application directory [C:\Users\adria\Desktop\repok\Java\apache-tomcat-9.0.14\webapps\ROOT]
11-Sep-2019 17:33:15.755 INFO [main] org.apache.catalina.startup.HostConfig.deployDirectory Deployment of web application directory [C:\Users\adria\Desktop\repok\Java\apache-tomcat-9.0.14\webapps\ROOT] has finished in [80] ms
11-Sep-2019 17:33:15.759 INFO [main] org.apache.catalina.startup.HostConfig.deployDirectory Deploying web application directory [C:\Users\adria\Desktop\repok\Java\apache-tomcat-9.0.14\webapps\TestServlet]
11-Sep-2019 17:33:15.959 INFO [main] org.apache.catalina.startup.HostConfig.deployDirectory Deployment of web application directory [C:\Users\adria\Desktop\repok\Java\apache-tomcat-9.0.14\webapps\TestServlet] has finished in [194] ms
11-Sep-2019 17:33:15.975 INFO [main] org.apache.coyote.AbstractProtocol.start Starting ProtocolHandler ["http-nio-8080"]
11-Sep-2019 17:33:16.013 INFO [main] org.apache.coyote.AbstractProtocol.start Starting ProtocolHandler ["ajp-nio-8009"]
11-Sep-2019 17:33:16.029 INFO [main] org.apache.catalina.startup.Catalina.start Server startup in [2,886] milliseconds
11-Sep-2019 17:37:20.798 INFO [Thread-4] org.apache.coyote.AbstractProtocol.pause Pausing ProtocolHandler ["http-nio-8080"]
11-Sep-2019 17:37:20.846 INFO [Thread-4] org.apache.coyote.AbstractProtocol.pause Pausing ProtocolHandler ["ajp-nio-8009"]
11-Sep-2019 17:37:20.892 INFO [Thread-4] org.apache.catalina.core.StandardService.stopInternal Stopping service [Catalina]
11-Sep-2019 17:37:20.955 INFO [Thread-4] org.apache.coyote.AbstractProtocol.stop Stopping ProtocolHandler ["http-nio-8080"]
11-Sep-2019 17:37:20.959 INFO [Thread-4] org.apache.coyote.AbstractProtocol.stop Stopping ProtocolHandler ["ajp-nio-8009"]
11-Sep-2019 17:37:20.966 INFO [Thread-4] org.apache.coyote.AbstractProtocol.destroy Destroying ProtocolHandler ["http-nio-8080"]
11-Sep-2019 17:37:20.967 INFO [Thread-4] org.apache.coyote.AbstractProtocol.destroy Destroying ProtocolHandler ["ajp-nio-8009"]
11-Sep-2019 17:37:23.898 INFO [main] org.apache.catalina.startup.VersionLoggerListener.log Server version name:   Apache Tomcat/9.0.14
11-Sep-2019 17:37:23.901 INFO [main] org.apache.catalina.startup.VersionLoggerListener.log Server built:          Dec 6 2018 21:13:53 UTC
11-Sep-2019 17:37:23.902 INFO [main] org.apache.catalina.startup.VersionLoggerListener.log Server version number: 9.0.14.0
11-Sep-2019 17:37:23.902 INFO [main] org.apache.catalina.startup.VersionLoggerListener.log OS Name:               Windows 10
11-Sep-2019 17:37:23.903 INFO [main] org.apache.catalina.startup.VersionLoggerListener.log OS Version:            10.0
11-Sep-2019 17:37:23.903 INFO [main] org.apache.catalina.startup.VersionLoggerListener.log Architecture:          amd64
11-Sep-2019 17:37:23.905 INFO [main] org.apache.catalina.startup.VersionLoggerListener.log Java Home:             C:\Program Files\Java\jdk-11.0.4
11-Sep-2019 17:37:23.905 INFO [main] org.apache.catalina.startup.VersionLoggerListener.log JVM Version:           11.0.4+10-LTS
11-Sep-2019 17:37:23.906 INFO [main] org.apache.catalina.startup.VersionLoggerListener.log JVM Vendor:            Oracle Corporation
11-Sep-2019 17:37:23.906 INFO [main] org.apache.catalina.startup.VersionLoggerListener.log CATALINA_BASE:         C:\Users\adria\Desktop\repok\Java\apache-tomcat-9.0.14
11-Sep-2019 17:37:23.906 INFO [main] org.apache.catalina.startup.VersionLoggerListener.log CATALINA_HOME:         C:\Users\adria\Desktop\repok\Java\apache-tomcat-9.0.14
11-Sep-2019 17:37:23.908 INFO [main] org.apache.catalina.startup.VersionLoggerListener.log Command line argument: --add-opens=java.base/java.lang=ALL-UNNAMED
11-Sep-2019 17:37:23.909 INFO [main] org.apache.catalina.startup.VersionLoggerListener.log Command line argument: --add-opens=java.base/java.io=ALL-UNNAMED
11-Sep-2019 17:37:23.909 INFO [main] org.apache.catalina.startup.VersionLoggerListener.log Command line argument: --add-opens=java.rmi/sun.rmi.transport=ALL-UNNAMED
11-Sep-2019 17:37:23.909 INFO [main] org.apache.catalina.startup.VersionLoggerListener.log Command line argument: -Djava.util.logging.config.file=C:\Users\adria\Desktop\repok\Java\apache-tomcat-9.0.14\conf\logging.properties
11-Sep-2019 17:37:23.912 INFO [main] org.apache.catalina.startup.VersionLoggerListener.log Command line argument: -Djava.util.logging.manager=org.apache.juli.ClassLoaderLogManager
11-Sep-2019 17:37:23.912 INFO [main] org.apache.catalina.startup.VersionLoggerListener.log Command line argument: -Djdk.tls.ephemeralDHKeySize=2048
11-Sep-2019 17:37:23.913 INFO [main] org.apache.catalina.startup.VersionLoggerListener.log Command line argument: -Djava.protocol.handler.pkgs=org.apache.catalina.webresources
11-Sep-2019 17:37:23.914 INFO [main] org.apache.catalina.startup.VersionLoggerListener.log Command line argument: -Dignore.endorsed.dirs=
11-Sep-2019 17:37:23.914 INFO [main] org.apache.catalina.startup.VersionLoggerListener.log Command line argument: -Dcatalina.base=C:\Users\adria\Desktop\repok\Java\apache-tomcat-9.0.14
11-Sep-2019 17:37:23.915 INFO [main] org.apache.catalina.startup.VersionLoggerListener.log Command line argument: -Dcatalina.home=C:\Users\adria\Desktop\repok\Java\apache-tomcat-9.0.14
11-Sep-2019 17:37:23.916 INFO [main] org.apache.catalina.startup.VersionLoggerListener.log Command line argument: -Djava.io.tmpdir=C:\Users\adria\Desktop\repok\Java\apache-tomcat-9.0.14\temp
11-Sep-2019 17:37:23.917 INFO [main] org.apache.catalina.core.AprLifecycleListener.lifecycleEvent Loaded APR based Apache Tomcat Native library [1.2.19] using APR version [1.6.5].
11-Sep-2019 17:37:23.917 INFO [main] org.apache.catalina.core.AprLifecycleListener.lifecycleEvent APR capabilities: IPv6 [true], sendfile [true], accept filters [false], random [true].
11-Sep-2019 17:37:23.918 INFO [main] org.apache.catalina.core.AprLifecycleListener.lifecycleEvent APR/OpenSSL configuration: useAprConnector [false], useOpenSSL [true]
11-Sep-2019 17:37:23.927 INFO [main] org.apache.catalina.core.AprLifecycleListener.initializeSSL OpenSSL successfully initialized [OpenSSL 1.1.1a  20 Nov 2018]
11-Sep-2019 17:37:23.992 INFO [main] org.apache.coyote.AbstractProtocol.init Initializing ProtocolHandler ["http-nio-8080"]
11-Sep-2019 17:37:24.099 INFO [main] org.apache.coyote.AbstractProtocol.init Initializing ProtocolHandler ["ajp-nio-8009"]
11-Sep-2019 17:37:24.108 INFO [main] org.apache.catalina.startup.Catalina.load Server initialization in [734] milliseconds
11-Sep-2019 17:37:24.167 INFO [main] org.apache.catalina.core.StandardService.startInternal Starting service [Catalina]
11-Sep-2019 17:37:24.167 INFO [main] org.apache.catalina.core.StandardEngine.startInternal Starting Servlet engine: [Apache Tomcat/9.0.14]
11-Sep-2019 17:37:24.179 INFO [main] org.apache.catalina.startup.HostConfig.deployDirectory Deploying web application directory [C:\Users\adria\Desktop\repok\Java\apache-tomcat-9.0.14\webapps\Binfa]
11-Sep-2019 17:37:24.677 INFO [main] org.apache.catalina.startup.HostConfig.deployDirectory Deployment of web application directory [C:\Users\adria\Desktop\repok\Java\apache-tomcat-9.0.14\webapps\Binfa] has finished in [499] ms
11-Sep-2019 17:37:24.678 INFO [main] org.apache.catalina.startup.HostConfig.deployDirectory Deploying web application directory [C:\Users\adria\Desktop\repok\Java\apache-tomcat-9.0.14\webapps\docs]
11-Sep-2019 17:37:24.722 INFO [main] org.apache.catalina.startup.HostConfig.deployDirectory Deployment of web application directory [C:\Users\adria\Desktop\repok\Java\apache-tomcat-9.0.14\webapps\docs] has finished in [44] ms
11-Sep-2019 17:37:24.723 INFO [main] org.apache.catalina.startup.HostConfig.deployDirectory Deploying web application directory [C:\Users\adria\Desktop\repok\Java\apache-tomcat-9.0.14\webapps\examples]
11-Sep-2019 17:37:25.145 INFO [main] org.apache.catalina.startup.HostConfig.deployDirectory Deployment of web application directory [C:\Users\adria\Desktop\repok\Java\apache-tomcat-9.0.14\webapps\examples] has finished in [422] ms
11-Sep-2019 17:37:25.146 INFO [main] org.apache.catalina.startup.HostConfig.deployDirectory Deploying web application directory [C:\Users\adria\Desktop\repok\Java\apache-tomcat-9.0.14\webapps\host-manager]
11-Sep-2019 17:37:25.195 INFO [main] org.apache.catalina.startup.HostConfig.deployDirectory Deployment of web application directory [C:\Users\adria\Desktop\repok\Java\apache-tomcat-9.0.14\webapps\host-manager] has finished in [49] ms
11-Sep-2019 17:37:25.196 INFO [main] org.apache.catalina.startup.HostConfig.deployDirectory Deploying web application directory [C:\Users\adria\Desktop\repok\Java\apache-tomcat-9.0.14\webapps\manager]
11-Sep-2019 17:37:25.232 INFO [main] org.apache.catalina.startup.HostConfig.deployDirectory Deployment of web application directory [C:\Users\adria\Desktop\repok\Java\apache-tomcat-9.0.14\webapps\manager] has finished in [36] ms
11-Sep-2019 17:37:25.233 INFO [main] org.apache.catalina.startup.HostConfig.deployDirectory Deploying web application directory [C:\Users\adria\Desktop\repok\Java\apache-tomcat-9.0.14\webapps\ROOT]
11-Sep-2019 17:37:25.266 INFO [main] org.apache.catalina.startup.HostConfig.deployDirectory Deployment of web application directory [C:\Users\adria\Desktop\repok\Java\apache-tomcat-9.0.14\webapps\ROOT] has finished in [33] ms
11-Sep-2019 17:37:25.267 INFO [main] org.apache.catalina.startup.HostConfig.deployDirectory Deploying web application directory [C:\Users\adria\Desktop\repok\Java\apache-tomcat-9.0.14\webapps\TestServlet]
11-Sep-2019 17:37:25.316 INFO [main] org.apache.catalina.startup.HostConfig.deployDirectory Deployment of web application directory [C:\Users\adria\Desktop\repok\Java\apache-tomcat-9.0.14\webapps\TestServlet] has finished in [49] ms
11-Sep-2019 17:37:25.320 INFO [main] org.apache.coyote.AbstractProtocol.start Starting ProtocolHandler ["http-nio-8080"]
11-Sep-2019 17:37:25.330 INFO [main] org.apache.coyote.AbstractProtocol.start Starting ProtocolHandler ["ajp-nio-8009"]
11-Sep-2019 17:37:25.334 INFO [main] org.apache.catalina.startup.Catalina.start Server startup in [1,224] milliseconds
11-Sep-2019 17:38:22.058 INFO [Thread-4] org.apache.coyote.AbstractProtocol.pause Pausing ProtocolHandler ["http-nio-8080"]
11-Sep-2019 17:38:22.104 INFO [Thread-4] org.apache.coyote.AbstractProtocol.pause Pausing ProtocolHandler ["ajp-nio-8009"]
11-Sep-2019 17:38:22.148 INFO [Thread-4] org.apache.catalina.core.StandardService.stopInternal Stopping service [Catalina]
11-Sep-2019 17:38:22.193 INFO [Thread-4] org.apache.coyote.AbstractProtocol.stop Stopping ProtocolHandler ["http-nio-8080"]
11-Sep-2019 17:38:22.197 INFO [Thread-4] org.apache.coyote.AbstractProtocol.stop Stopping ProtocolHandler ["ajp-nio-8009"]
11-Sep-2019 17:38:22.200 INFO [Thread-4] org.apache.coyote.AbstractProtocol.destroy Destroying ProtocolHandler ["http-nio-8080"]
11-Sep-2019 17:38:22.202 INFO [Thread-4] org.apache.coyote.AbstractProtocol.destroy Destroying ProtocolHandler ["ajp-nio-8009"]
11-Sep-2019 17:38:27.230 INFO [main] org.apache.catalina.startup.VersionLoggerListener.log Server version name:   Apache Tomcat/9.0.14
11-Sep-2019 17:38:27.234 INFO [main] org.apache.catalina.startup.VersionLoggerListener.log Server built:          Dec 6 2018 21:13:53 UTC
11-Sep-2019 17:38:27.235 INFO [main] org.apache.catalina.startup.VersionLoggerListener.log Server version number: 9.0.14.0
11-Sep-2019 17:38:27.235 INFO [main] org.apache.catalina.startup.VersionLoggerListener.log OS Name:               Windows 10
11-Sep-2019 17:38:27.235 INFO [main] org.apache.catalina.startup.VersionLoggerListener.log OS Version:            10.0
11-Sep-2019 17:38:27.235 INFO [main] org.apache.catalina.startup.VersionLoggerListener.log Architecture:          amd64
11-Sep-2019 17:38:27.236 INFO [main] org.apache.catalina.startup.VersionLoggerListener.log Java Home:             C:\Program Files\Java\jdk-11.0.4
11-Sep-2019 17:38:27.236 INFO [main] org.apache.catalina.startup.VersionLoggerListener.log JVM Version:           11.0.4+10-LTS
11-Sep-2019 17:38:27.238 INFO [main] org.apache.catalina.startup.VersionLoggerListener.log JVM Vendor:            Oracle Corporation
11-Sep-2019 17:38:27.239 INFO [main] org.apache.catalina.startup.VersionLoggerListener.log CATALINA_BASE:         C:\Users\adria\Desktop\repok\Java\apache-tomcat-9.0.14
11-Sep-2019 17:38:27.239 INFO [main] org.apache.catalina.startup.VersionLoggerListener.log CATALINA_HOME:         C:\Users\adria\Desktop\repok\Java\apache-tomcat-9.0.14
11-Sep-2019 17:38:27.240 INFO [main] org.apache.catalina.startup.VersionLoggerListener.log Command line argument: --add-opens=java.base/java.lang=ALL-UNNAMED
11-Sep-2019 17:38:27.241 INFO [main] org.apache.catalina.startup.VersionLoggerListener.log Command line argument: --add-opens=java.base/java.io=ALL-UNNAMED
11-Sep-2019 17:38:27.241 INFO [main] org.apache.catalina.startup.VersionLoggerListener.log Command line argument: --add-opens=java.rmi/sun.rmi.transport=ALL-UNNAMED
11-Sep-2019 17:38:27.241 INFO [main] org.apache.catalina.startup.VersionLoggerListener.log Command line argument: -Djava.util.logging.config.file=C:\Users\adria\Desktop\repok\Java\apache-tomcat-9.0.14\conf\logging.properties
11-Sep-2019 17:38:27.242 INFO [main] org.apache.catalina.startup.VersionLoggerListener.log Command line argument: -Djava.util.logging.manager=org.apache.juli.ClassLoaderLogManager
11-Sep-2019 17:38:27.242 INFO [main] org.apache.catalina.startup.VersionLoggerListener.log Command line argument: -Djdk.tls.ephemeralDHKeySize=2048
11-Sep-2019 17:38:27.246 INFO [main] org.apache.catalina.startup.VersionLoggerListener.log Command line argument: -Djava.protocol.handler.pkgs=org.apache.catalina.webresources
11-Sep-2019 17:38:27.247 INFO [main] org.apache.catalina.startup.VersionLoggerListener.log Command line argument: -Dignore.endorsed.dirs=
11-Sep-2019 17:38:27.248 INFO [main] org.apache.catalina.startup.VersionLoggerListener.log Command line argument: -Dcatalina.base=C:\Users\adria\Desktop\repok\Java\apache-tomcat-9.0.14
11-Sep-2019 17:38:27.248 INFO [main] org.apache.catalina.startup.VersionLoggerListener.log Command line argument: -Dcatalina.home=C:\Users\adria\Desktop\repok\Java\apache-tomcat-9.0.14
11-Sep-2019 17:38:27.249 INFO [main] org.apache.catalina.startup.VersionLoggerListener.log Command line argument: -Djava.io.tmpdir=C:\Users\adria\Desktop\repok\Java\apache-tomcat-9.0.14\temp
11-Sep-2019 17:38:27.250 INFO [main] org.apache.catalina.core.AprLifecycleListener.lifecycleEvent Loaded APR based Apache Tomcat Native library [1.2.19] using APR version [1.6.5].
11-Sep-2019 17:38:27.251 INFO [main] org.apache.catalina.core.AprLifecycleListener.lifecycleEvent APR capabilities: IPv6 [true], sendfile [true], accept filters [false], random [true].
11-Sep-2019 17:38:27.251 INFO [main] org.apache.catalina.core.AprLifecycleListener.lifecycleEvent APR/OpenSSL configuration: useAprConnector [false], useOpenSSL [true]
11-Sep-2019 17:38:27.260 INFO [main] org.apache.catalina.core.AprLifecycleListener.initializeSSL OpenSSL successfully initialized [OpenSSL 1.1.1a  20 Nov 2018]
11-Sep-2019 17:38:27.322 INFO [main] org.apache.coyote.AbstractProtocol.init Initializing ProtocolHandler ["http-nio-8080"]
11-Sep-2019 17:38:27.456 INFO [main] org.apache.coyote.AbstractProtocol.init Initializing ProtocolHandler ["ajp-nio-8009"]
11-Sep-2019 17:38:27.464 INFO [main] org.apache.catalina.startup.Catalina.load Server initialization in [877] milliseconds
11-Sep-2019 17:38:27.533 INFO [main] org.apache.catalina.core.StandardService.startInternal Starting service [Catalina]
11-Sep-2019 17:38:27.534 INFO [main] org.apache.catalina.core.StandardEngine.startInternal Starting Servlet engine: [Apache Tomcat/9.0.14]
11-Sep-2019 17:38:27.546 INFO [main] org.apache.catalina.startup.HostConfig.deployDirectory Deploying web application directory [C:\Users\adria\Desktop\repok\Java\apache-tomcat-9.0.14\webapps\Binfa]
11-Sep-2019 17:38:28.108 WARNING [main] org.apache.catalina.util.SessionIdGeneratorBase.createSecureRandom Creation of SecureRandom instance for session ID generation using [SHA1PRNG] took [107] milliseconds.
11-Sep-2019 17:38:28.149 INFO [main] org.apache.catalina.startup.HostConfig.deployDirectory Deployment of web application directory [C:\Users\adria\Desktop\repok\Java\apache-tomcat-9.0.14\webapps\Binfa] has finished in [603] ms
11-Sep-2019 17:38:28.151 INFO [main] org.apache.catalina.startup.HostConfig.deployDirectory Deploying web application directory [C:\Users\adria\Desktop\repok\Java\apache-tomcat-9.0.14\webapps\docs]
11-Sep-2019 17:38:28.209 INFO [main] org.apache.catalina.startup.HostConfig.deployDirectory Deployment of web application directory [C:\Users\adria\Desktop\repok\Java\apache-tomcat-9.0.14\webapps\docs] has finished in [59] ms
11-Sep-2019 17:38:28.211 INFO [main] org.apache.catalina.startup.HostConfig.deployDirectory Deploying web application directory [C:\Users\adria\Desktop\repok\Java\apache-tomcat-9.0.14\webapps\examples]
11-Sep-2019 17:38:28.654 INFO [main] org.apache.catalina.startup.HostConfig.deployDirectory Deployment of web application directory [C:\Users\adria\Desktop\repok\Java\apache-tomcat-9.0.14\webapps\examples] has finished in [442] ms
11-Sep-2019 17:38:28.657 INFO [main] org.apache.catalina.startup.HostConfig.deployDirectory Deploying web application directory [C:\Users\adria\Desktop\repok\Java\apache-tomcat-9.0.14\webapps\host-manager]
11-Sep-2019 17:38:28.725 INFO [main] org.apache.catalina.startup.HostConfig.deployDirectory Deployment of web application directory [C:\Users\adria\Desktop\repok\Java\apache-tomcat-9.0.14\webapps\host-manager] has finished in [68] ms
11-Sep-2019 17:38:28.726 INFO [main] org.apache.catalina.startup.HostConfig.deployDirectory Deploying web application directory [C:\Users\adria\Desktop\repok\Java\apache-tomcat-9.0.14\webapps\manager]
11-Sep-2019 17:38:28.777 INFO [main] org.apache.catalina.startup.HostConfig.deployDirectory Deployment of web application directory [C:\Users\adria\Desktop\repok\Java\apache-tomcat-9.0.14\webapps\manager] has finished in [51] ms
11-Sep-2019 17:38:28.777 INFO [main] org.apache.catalina.startup.HostConfig.deployDirectory Deploying web application directory [C:\Users\adria\Desktop\repok\Java\apache-tomcat-9.0.14\webapps\ROOT]
11-Sep-2019 17:38:28.803 INFO [main] org.apache.catalina.startup.HostConfig.deployDirectory Deployment of web application directory [C:\Users\adria\Desktop\repok\Java\apache-tomcat-9.0.14\webapps\ROOT] has finished in [26] ms
11-Sep-2019 17:38:28.804 INFO [main] org.apache.catalina.startup.HostConfig.deployDirectory Deploying web application directory [C:\Users\adria\Desktop\repok\Java\apache-tomcat-9.0.14\webapps\TestServlet]
11-Sep-2019 17:38:28.838 INFO [main] org.apache.catalina.startup.HostConfig.deployDirectory Deployment of web application directory [C:\Users\adria\Desktop\repok\Java\apache-tomcat-9.0.14\webapps\TestServlet] has finished in [34] ms
11-Sep-2019 17:38:28.843 INFO [main] org.apache.coyote.AbstractProtocol.start Starting ProtocolHandler ["http-nio-8080"]
11-Sep-2019 17:38:28.850 INFO [main] org.apache.coyote.AbstractProtocol.start Starting ProtocolHandler ["ajp-nio-8009"]
11-Sep-2019 17:38:28.854 INFO [main] org.apache.catalina.startup.Catalina.start Server startup in [1,389] milliseconds
11-Sep-2019 17:39:43.539 INFO [Thread-4] org.apache.coyote.AbstractProtocol.pause Pausing ProtocolHandler ["http-nio-8080"]
11-Sep-2019 17:39:43.587 INFO [Thread-4] org.apache.coyote.AbstractProtocol.pause Pausing ProtocolHandler ["ajp-nio-8009"]
11-Sep-2019 17:39:43.631 INFO [Thread-4] org.apache.catalina.core.StandardService.stopInternal Stopping service [Catalina]
11-Sep-2019 17:39:43.685 INFO [Thread-4] org.apache.coyote.AbstractProtocol.stop Stopping ProtocolHandler ["http-nio-8080"]
11-Sep-2019 17:39:43.688 INFO [Thread-4] org.apache.coyote.AbstractProtocol.stop Stopping ProtocolHandler ["ajp-nio-8009"]
11-Sep-2019 17:39:43.693 INFO [Thread-4] org.apache.coyote.AbstractProtocol.destroy Destroying ProtocolHandler ["http-nio-8080"]
11-Sep-2019 17:39:43.694 INFO [Thread-4] org.apache.coyote.AbstractProtocol.destroy Destroying ProtocolHandler ["ajp-nio-8009"]
11-Sep-2019 17:39:49.195 INFO [main] org.apache.catalina.startup.VersionLoggerListener.log Server version name:   Apache Tomcat/9.0.14
11-Sep-2019 17:39:49.199 INFO [main] org.apache.catalina.startup.VersionLoggerListener.log Server built:          Dec 6 2018 21:13:53 UTC
11-Sep-2019 17:39:49.199 INFO [main] org.apache.catalina.startup.VersionLoggerListener.log Server version number: 9.0.14.0
11-Sep-2019 17:39:49.199 INFO [main] org.apache.catalina.startup.VersionLoggerListener.log OS Name:               Windows 10
11-Sep-2019 17:39:49.199 INFO [main] org.apache.catalina.startup.VersionLoggerListener.log OS Version:            10.0
11-Sep-2019 17:39:49.199 INFO [main] org.apache.catalina.startup.VersionLoggerListener.log Architecture:          amd64
11-Sep-2019 17:39:49.200 INFO [main] org.apache.catalina.startup.VersionLoggerListener.log Java Home:             C:\Program Files\Java\jdk-11.0.4
11-Sep-2019 17:39:49.200 INFO [main] org.apache.catalina.startup.VersionLoggerListener.log JVM Version:           11.0.4+10-LTS
11-Sep-2019 17:39:49.200 INFO [main] org.apache.catalina.startup.VersionLoggerListener.log JVM Vendor:            Oracle Corporation
11-Sep-2019 17:39:49.200 INFO [main] org.apache.catalina.startup.VersionLoggerListener.log CATALINA_BASE:         C:\Users\adria\Desktop\repok\Java\apache-tomcat-9.0.14
11-Sep-2019 17:39:49.200 INFO [main] org.apache.catalina.startup.VersionLoggerListener.log CATALINA_HOME:         C:\Users\adria\Desktop\repok\Java\apache-tomcat-9.0.14
11-Sep-2019 17:39:49.201 INFO [main] org.apache.catalina.startup.VersionLoggerListener.log Command line argument: --add-opens=java.base/java.lang=ALL-UNNAMED
11-Sep-2019 17:39:49.201 INFO [main] org.apache.catalina.startup.VersionLoggerListener.log Command line argument: --add-opens=java.base/java.io=ALL-UNNAMED
11-Sep-2019 17:39:49.202 INFO [main] org.apache.catalina.startup.VersionLoggerListener.log Command line argument: --add-opens=java.rmi/sun.rmi.transport=ALL-UNNAMED
11-Sep-2019 17:39:49.202 INFO [main] org.apache.catalina.startup.VersionLoggerListener.log Command line argument: -Djava.util.logging.config.file=C:\Users\adria\Desktop\repok\Java\apache-tomcat-9.0.14\conf\logging.properties
11-Sep-2019 17:39:49.203 INFO [main] org.apache.catalina.startup.VersionLoggerListener.log Command line argument: -Djava.util.logging.manager=org.apache.juli.ClassLoaderLogManager
11-Sep-2019 17:39:49.203 INFO [main] org.apache.catalina.startup.VersionLoggerListener.log Command line argument: -Djdk.tls.ephemeralDHKeySize=2048
11-Sep-2019 17:39:49.204 INFO [main] org.apache.catalina.startup.VersionLoggerListener.log Command line argument: -Djava.protocol.handler.pkgs=org.apache.catalina.webresources
11-Sep-2019 17:39:49.204 INFO [main] org.apache.catalina.startup.VersionLoggerListener.log Command line argument: -Dignore.endorsed.dirs=
11-Sep-2019 17:39:49.205 INFO [main] org.apache.catalina.startup.VersionLoggerListener.log Command line argument: -Dcatalina.base=C:\Users\adria\Desktop\repok\Java\apache-tomcat-9.0.14
11-Sep-2019 17:39:49.205 INFO [main] org.apache.catalina.startup.VersionLoggerListener.log Command line argument: -Dcatalina.home=C:\Users\adria\Desktop\repok\Java\apache-tomcat-9.0.14
11-Sep-2019 17:39:49.205 INFO [main] org.apache.catalina.startup.VersionLoggerListener.log Command line argument: -Djava.io.tmpdir=C:\Users\adria\Desktop\repok\Java\apache-tomcat-9.0.14\temp
11-Sep-2019 17:39:49.206 INFO [main] org.apache.catalina.core.AprLifecycleListener.lifecycleEvent Loaded APR based Apache Tomcat Native library [1.2.19] using APR version [1.6.5].
11-Sep-2019 17:39:49.206 INFO [main] org.apache.catalina.core.AprLifecycleListener.lifecycleEvent APR capabilities: IPv6 [true], sendfile [true], accept filters [false], random [true].
11-Sep-2019 17:39:49.206 INFO [main] org.apache.catalina.core.AprLifecycleListener.lifecycleEvent APR/OpenSSL configuration: useAprConnector [false], useOpenSSL [true]
11-Sep-2019 17:39:49.216 INFO [main] org.apache.catalina.core.AprLifecycleListener.initializeSSL OpenSSL successfully initialized [OpenSSL 1.1.1a  20 Nov 2018]
11-Sep-2019 17:39:49.272 INFO [main] org.apache.coyote.AbstractProtocol.init Initializing ProtocolHandler ["http-nio-8080"]
11-Sep-2019 17:39:49.380 INFO [main] org.apache.coyote.AbstractProtocol.init Initializing ProtocolHandler ["ajp-nio-8009"]
11-Sep-2019 17:39:49.383 INFO [main] org.apache.catalina.startup.Catalina.load Server initialization in [770] milliseconds
11-Sep-2019 17:39:49.447 INFO [main] org.apache.catalina.core.StandardService.startInternal Starting service [Catalina]
11-Sep-2019 17:39:49.448 INFO [main] org.apache.catalina.core.StandardEngine.startInternal Starting Servlet engine: [Apache Tomcat/9.0.14]
11-Sep-2019 17:39:49.456 INFO [main] org.apache.catalina.startup.HostConfig.deployDirectory Deploying web application directory [C:\Users\adria\Desktop\repok\Java\apache-tomcat-9.0.14\webapps\Binfa]
11-Sep-2019 17:39:50.054 INFO [main] org.apache.catalina.startup.HostConfig.deployDirectory Deployment of web application directory [C:\Users\adria\Desktop\repok\Java\apache-tomcat-9.0.14\webapps\Binfa] has finished in [598] ms
11-Sep-2019 17:39:50.055 INFO [main] org.apache.catalina.startup.HostConfig.deployDirectory Deploying web application directory [C:\Users\adria\Desktop\repok\Java\apache-tomcat-9.0.14\webapps\docs]
11-Sep-2019 17:39:50.099 INFO [main] org.apache.catalina.startup.HostConfig.deployDirectory Deployment of web application directory [C:\Users\adria\Desktop\repok\Java\apache-tomcat-9.0.14\webapps\docs] has finished in [42] ms
11-Sep-2019 17:39:50.101 INFO [main] org.apache.catalina.startup.HostConfig.deployDirectory Deploying web application directory [C:\Users\adria\Desktop\repok\Java\apache-tomcat-9.0.14\webapps\examples]
11-Sep-2019 17:39:50.485 INFO [main] org.apache.catalina.startup.HostConfig.deployDirectory Deployment of web application directory [C:\Users\adria\Desktop\repok\Java\apache-tomcat-9.0.14\webapps\examples] has finished in [384] ms
11-Sep-2019 17:39:50.486 INFO [main] org.apache.catalina.startup.HostConfig.deployDirectory Deploying web application directory [C:\Users\adria\Desktop\repok\Java\apache-tomcat-9.0.14\webapps\host-manager]
11-Sep-2019 17:39:50.536 INFO [main] org.apache.catalina.startup.HostConfig.deployDirectory Deployment of web application directory [C:\Users\adria\Desktop\repok\Java\apache-tomcat-9.0.14\webapps\host-manager] has finished in [49] ms
11-Sep-2019 17:39:50.537 INFO [main] org.apache.catalina.startup.HostConfig.deployDirectory Deploying web application directory [C:\Users\adria\Desktop\repok\Java\apache-tomcat-9.0.14\webapps\manager]
11-Sep-2019 17:39:50.598 INFO [main] org.apache.catalina.startup.HostConfig.deployDirectory Deployment of web application directory [C:\Users\adria\Desktop\repok\Java\apache-tomcat-9.0.14\webapps\manager] has finished in [61] ms
11-Sep-2019 17:39:50.599 INFO [main] org.apache.catalina.startup.HostConfig.deployDirectory Deploying web application directory [C:\Users\adria\Desktop\repok\Java\apache-tomcat-9.0.14\webapps\ROOT]
11-Sep-2019 17:39:50.647 INFO [main] org.apache.catalina.startup.HostConfig.deployDirectory Deployment of web application directory [C:\Users\adria\Desktop\repok\Java\apache-tomcat-9.0.14\webapps\ROOT] has finished in [48] ms
11-Sep-2019 17:39:50.649 INFO [main] org.apache.catalina.startup.HostConfig.deployDirectory Deploying web application directory [C:\Users\adria\Desktop\repok\Java\apache-tomcat-9.0.14\webapps\TestServlet]
11-Sep-2019 17:39:50.769 INFO [main] org.apache.catalina.startup.HostConfig.deployDirectory Deployment of web application directory [C:\Users\adria\Desktop\repok\Java\apache-tomcat-9.0.14\webapps\TestServlet] has finished in [121] ms
11-Sep-2019 17:39:50.785 INFO [main] org.apache.coyote.AbstractProtocol.start Starting ProtocolHandler ["http-nio-8080"]
11-Sep-2019 17:39:50.794 INFO [main] org.apache.coyote.AbstractProtocol.start Starting ProtocolHandler ["ajp-nio-8009"]
11-Sep-2019 17:39:50.803 INFO [main] org.apache.catalina.startup.Catalina.start Server startup in [1,419] milliseconds
11-Sep-2019 17:40:54.018 INFO [Thread-4] org.apache.coyote.AbstractProtocol.pause Pausing ProtocolHandler ["http-nio-8080"]
11-Sep-2019 17:40:54.065 INFO [Thread-4] org.apache.coyote.AbstractProtocol.pause Pausing ProtocolHandler ["ajp-nio-8009"]
11-Sep-2019 17:40:54.113 INFO [Thread-4] org.apache.catalina.core.StandardService.stopInternal Stopping service [Catalina]
11-Sep-2019 17:40:54.171 INFO [Thread-4] org.apache.coyote.AbstractProtocol.stop Stopping ProtocolHandler ["http-nio-8080"]
11-Sep-2019 17:40:54.175 INFO [Thread-4] org.apache.coyote.AbstractProtocol.stop Stopping ProtocolHandler ["ajp-nio-8009"]
11-Sep-2019 17:40:54.178 INFO [Thread-4] org.apache.coyote.AbstractProtocol.destroy Destroying ProtocolHandler ["http-nio-8080"]
11-Sep-2019 17:40:54.180 INFO [Thread-4] org.apache.coyote.AbstractProtocol.destroy Destroying ProtocolHandler ["ajp-nio-8009"]
11-Sep-2019 17:41:01.434 INFO [main] org.apache.catalina.startup.VersionLoggerListener.log Server version name:   Apache Tomcat/9.0.14
11-Sep-2019 17:41:01.438 INFO [main] org.apache.catalina.startup.VersionLoggerListener.log Server built:          Dec 6 2018 21:13:53 UTC
11-Sep-2019 17:41:01.438 INFO [main] org.apache.catalina.startup.VersionLoggerListener.log Server version number: 9.0.14.0
11-Sep-2019 17:41:01.438 INFO [main] org.apache.catalina.startup.VersionLoggerListener.log OS Name:               Windows 10
11-Sep-2019 17:41:01.438 INFO [main] org.apache.catalina.startup.VersionLoggerListener.log OS Version:            10.0
11-Sep-2019 17:41:01.438 INFO [main] org.apache.catalina.startup.VersionLoggerListener.log Architecture:          amd64
11-Sep-2019 17:41:01.439 INFO [main] org.apache.catalina.startup.VersionLoggerListener.log Java Home:             C:\Program Files\Java\jdk-11.0.4
11-Sep-2019 17:41:01.439 INFO [main] org.apache.catalina.startup.VersionLoggerListener.log JVM Version:           11.0.4+10-LTS
11-Sep-2019 17:41:01.439 INFO [main] org.apache.catalina.startup.VersionLoggerListener.log JVM Vendor:            Oracle Corporation
11-Sep-2019 17:41:01.439 INFO [main] org.apache.catalina.startup.VersionLoggerListener.log CATALINA_BASE:         C:\Users\adria\Desktop\repok\Java\apache-tomcat-9.0.14
11-Sep-2019 17:41:01.439 INFO [main] org.apache.catalina.startup.VersionLoggerListener.log CATALINA_HOME:         C:\Users\adria\Desktop\repok\Java\apache-tomcat-9.0.14
11-Sep-2019 17:41:01.440 INFO [main] org.apache.catalina.startup.VersionLoggerListener.log Command line argument: --add-opens=java.base/java.lang=ALL-UNNAMED
11-Sep-2019 17:41:01.441 INFO [main] org.apache.catalina.startup.VersionLoggerListener.log Command line argument: --add-opens=java.base/java.io=ALL-UNNAMED
11-Sep-2019 17:41:01.441 INFO [main] org.apache.catalina.startup.VersionLoggerListener.log Command line argument: --add-opens=java.rmi/sun.rmi.transport=ALL-UNNAMED
11-Sep-2019 17:41:01.441 INFO [main] org.apache.catalina.startup.VersionLoggerListener.log Command line argument: -Djava.util.logging.config.file=C:\Users\adria\Desktop\repok\Java\apache-tomcat-9.0.14\conf\logging.properties
11-Sep-2019 17:41:01.441 INFO [main] org.apache.catalina.startup.VersionLoggerListener.log Command line argument: -Djava.util.logging.manager=org.apache.juli.ClassLoaderLogManager
11-Sep-2019 17:41:01.442 INFO [main] org.apache.catalina.startup.VersionLoggerListener.log Command line argument: -Djdk.tls.ephemeralDHKeySize=2048
11-Sep-2019 17:41:01.442 INFO [main] org.apache.catalina.startup.VersionLoggerListener.log Command line argument: -Djava.protocol.handler.pkgs=org.apache.catalina.webresources
11-Sep-2019 17:41:01.446 INFO [main] org.apache.catalina.startup.VersionLoggerListener.log Command line argument: -Dignore.endorsed.dirs=
11-Sep-2019 17:41:01.447 INFO [main] org.apache.catalina.startup.VersionLoggerListener.log Command line argument: -Dcatalina.base=C:\Users\adria\Desktop\repok\Java\apache-tomcat-9.0.14
11-Sep-2019 17:41:01.450 INFO [main] org.apache.catalina.startup.VersionLoggerListener.log Command line argument: -Dcatalina.home=C:\Users\adria\Desktop\repok\Java\apache-tomcat-9.0.14
11-Sep-2019 17:41:01.450 INFO [main] org.apache.catalina.startup.VersionLoggerListener.log Command line argument: -Djava.io.tmpdir=C:\Users\adria\Desktop\repok\Java\apache-tomcat-9.0.14\temp
11-Sep-2019 17:41:01.450 INFO [main] org.apache.catalina.core.AprLifecycleListener.lifecycleEvent Loaded APR based Apache Tomcat Native library [1.2.19] using APR version [1.6.5].
11-Sep-2019 17:41:01.451 INFO [main] org.apache.catalina.core.AprLifecycleListener.lifecycleEvent APR capabilities: IPv6 [true], sendfile [true], accept filters [false], random [true].
11-Sep-2019 17:41:01.452 INFO [main] org.apache.catalina.core.AprLifecycleListener.lifecycleEvent APR/OpenSSL configuration: useAprConnector [false], useOpenSSL [true]
11-Sep-2019 17:41:01.456 INFO [main] org.apache.catalina.core.AprLifecycleListener.initializeSSL OpenSSL successfully initialized [OpenSSL 1.1.1a  20 Nov 2018]
11-Sep-2019 17:41:01.518 INFO [main] org.apache.coyote.AbstractProtocol.init Initializing ProtocolHandler ["http-nio-8080"]
11-Sep-2019 17:41:01.671 INFO [main] org.apache.coyote.AbstractProtocol.init Initializing ProtocolHandler ["ajp-nio-8009"]
11-Sep-2019 17:41:01.675 INFO [main] org.apache.catalina.startup.Catalina.load Server initialization in [889] milliseconds
11-Sep-2019 17:41:01.756 INFO [main] org.apache.catalina.core.StandardService.startInternal Starting service [Catalina]
11-Sep-2019 17:41:01.758 INFO [main] org.apache.catalina.core.StandardEngine.startInternal Starting Servlet engine: [Apache Tomcat/9.0.14]
11-Sep-2019 17:41:01.768 INFO [main] org.apache.catalina.startup.HostConfig.deployDirectory Deploying web application directory [C:\Users\adria\Desktop\repok\Java\apache-tomcat-9.0.14\webapps\Binfa]
11-Sep-2019 17:41:02.293 INFO [main] org.apache.catalina.startup.HostConfig.deployDirectory Deployment of web application directory [C:\Users\adria\Desktop\repok\Java\apache-tomcat-9.0.14\webapps\Binfa] has finished in [525] ms
11-Sep-2019 17:41:02.294 INFO [main] org.apache.catalina.startup.HostConfig.deployDirectory Deploying web application directory [C:\Users\adria\Desktop\repok\Java\apache-tomcat-9.0.14\webapps\docs]
11-Sep-2019 17:41:02.323 INFO [main] org.apache.catalina.startup.HostConfig.deployDirectory Deployment of web application directory [C:\Users\adria\Desktop\repok\Java\apache-tomcat-9.0.14\webapps\docs] has finished in [29] ms
11-Sep-2019 17:41:02.324 INFO [main] org.apache.catalina.startup.HostConfig.deployDirectory Deploying web application directory [C:\Users\adria\Desktop\repok\Java\apache-tomcat-9.0.14\webapps\examples]
11-Sep-2019 17:41:02.728 INFO [main] org.apache.catalina.startup.HostConfig.deployDirectory Deployment of web application directory [C:\Users\adria\Desktop\repok\Java\apache-tomcat-9.0.14\webapps\examples] has finished in [404] ms
11-Sep-2019 17:41:02.729 INFO [main] org.apache.catalina.startup.HostConfig.deployDirectory Deploying web application directory [C:\Users\adria\Desktop\repok\Java\apache-tomcat-9.0.14\webapps\host-manager]
11-Sep-2019 17:41:02.771 INFO [main] org.apache.catalina.startup.HostConfig.deployDirectory Deployment of web application directory [C:\Users\adria\Desktop\repok\Java\apache-tomcat-9.0.14\webapps\host-manager] has finished in [41] ms
11-Sep-2019 17:41:02.772 INFO [main] org.apache.catalina.startup.HostConfig.deployDirectory Deploying web application directory [C:\Users\adria\Desktop\repok\Java\apache-tomcat-9.0.14\webapps\manager]
11-Sep-2019 17:41:02.819 INFO [main] org.apache.catalina.startup.HostConfig.deployDirectory Deployment of web application directory [C:\Users\adria\Desktop\repok\Java\apache-tomcat-9.0.14\webapps\manager] has finished in [48] ms
11-Sep-2019 17:41:02.820 INFO [main] org.apache.catalina.startup.HostConfig.deployDirectory Deploying web application directory [C:\Users\adria\Desktop\repok\Java\apache-tomcat-9.0.14\webapps\ROOT]
11-Sep-2019 17:41:02.848 INFO [main] org.apache.catalina.startup.HostConfig.deployDirectory Deployment of web application directory [C:\Users\adria\Desktop\repok\Java\apache-tomcat-9.0.14\webapps\ROOT] has finished in [28] ms
11-Sep-2019 17:41:02.849 INFO [main] org.apache.catalina.startup.HostConfig.deployDirectory Deploying web application directory [C:\Users\adria\Desktop\repok\Java\apache-tomcat-9.0.14\webapps\TestServlet]
11-Sep-2019 17:41:02.917 INFO [main] org.apache.catalina.startup.HostConfig.deployDirectory Deployment of web application directory [C:\Users\adria\Desktop\repok\Java\apache-tomcat-9.0.14\webapps\TestServlet] has finished in [69] ms
11-Sep-2019 17:41:02.923 INFO [main] org.apache.coyote.AbstractProtocol.start Starting ProtocolHandler ["http-nio-8080"]
11-Sep-2019 17:41:02.933 INFO [main] org.apache.coyote.AbstractProtocol.start Starting ProtocolHandler ["ajp-nio-8009"]
11-Sep-2019 17:41:02.938 INFO [main] org.apache.catalina.startup.Catalina.start Server startup in [1,262] milliseconds
11-Sep-2019 17:42:11.040 INFO [Thread-4] org.apache.coyote.AbstractProtocol.pause Pausing ProtocolHandler ["http-nio-8080"]
11-Sep-2019 17:42:11.087 INFO [Thread-4] org.apache.coyote.AbstractProtocol.pause Pausing ProtocolHandler ["ajp-nio-8009"]
11-Sep-2019 17:42:11.133 INFO [Thread-4] org.apache.catalina.core.StandardService.stopInternal Stopping service [Catalina]
11-Sep-2019 17:42:11.185 INFO [Thread-4] org.apache.coyote.AbstractProtocol.stop Stopping ProtocolHandler ["http-nio-8080"]
11-Sep-2019 17:42:11.188 INFO [Thread-4] org.apache.coyote.AbstractProtocol.stop Stopping ProtocolHandler ["ajp-nio-8009"]
11-Sep-2019 17:42:11.191 INFO [Thread-4] org.apache.coyote.AbstractProtocol.destroy Destroying ProtocolHandler ["http-nio-8080"]
11-Sep-2019 17:42:11.193 INFO [Thread-4] org.apache.coyote.AbstractProtocol.destroy Destroying ProtocolHandler ["ajp-nio-8009"]
11-Sep-2019 17:42:18.600 INFO [main] org.apache.catalina.startup.VersionLoggerListener.log Server version name:   Apache Tomcat/9.0.14
11-Sep-2019 17:42:18.606 INFO [main] org.apache.catalina.startup.VersionLoggerListener.log Server built:          Dec 6 2018 21:13:53 UTC
11-Sep-2019 17:42:18.606 INFO [main] org.apache.catalina.startup.VersionLoggerListener.log Server version number: 9.0.14.0
11-Sep-2019 17:42:18.607 INFO [main] org.apache.catalina.startup.VersionLoggerListener.log OS Name:               Windows 10
11-Sep-2019 17:42:18.608 INFO [main] org.apache.catalina.startup.VersionLoggerListener.log OS Version:            10.0
11-Sep-2019 17:42:18.608 INFO [main] org.apache.catalina.startup.VersionLoggerListener.log Architecture:          amd64
11-Sep-2019 17:42:18.608 INFO [main] org.apache.catalina.startup.VersionLoggerListener.log Java Home:             C:\Program Files\Java\jdk-11.0.4
11-Sep-2019 17:42:18.608 INFO [main] org.apache.catalina.startup.VersionLoggerListener.log JVM Version:           11.0.4+10-LTS
11-Sep-2019 17:42:18.608 INFO [main] org.apache.catalina.startup.VersionLoggerListener.log JVM Vendor:            Oracle Corporation
11-Sep-2019 17:42:18.609 INFO [main] org.apache.catalina.startup.VersionLoggerListener.log CATALINA_BASE:         C:\Users\adria\Desktop\repok\Java\apache-tomcat-9.0.14
11-Sep-2019 17:42:18.609 INFO [main] org.apache.catalina.startup.VersionLoggerListener.log CATALINA_HOME:         C:\Users\adria\Desktop\repok\Java\apache-tomcat-9.0.14
11-Sep-2019 17:42:18.609 INFO [main] org.apache.catalina.startup.VersionLoggerListener.log Command line argument: --add-opens=java.base/java.lang=ALL-UNNAMED
11-Sep-2019 17:42:18.609 INFO [main] org.apache.catalina.startup.VersionLoggerListener.log Command line argument: --add-opens=java.base/java.io=ALL-UNNAMED
11-Sep-2019 17:42:18.610 INFO [main] org.apache.catalina.startup.VersionLoggerListener.log Command line argument: --add-opens=java.rmi/sun.rmi.transport=ALL-UNNAMED
11-Sep-2019 17:42:18.610 INFO [main] org.apache.catalina.startup.VersionLoggerListener.log Command line argument: -Djava.util.logging.config.file=C:\Users\adria\Desktop\repok\Java\apache-tomcat-9.0.14\conf\logging.properties
11-Sep-2019 17:42:18.610 INFO [main] org.apache.catalina.startup.VersionLoggerListener.log Command line argument: -Djava.util.logging.manager=org.apache.juli.ClassLoaderLogManager
11-Sep-2019 17:42:18.611 INFO [main] org.apache.catalina.startup.VersionLoggerListener.log Command line argument: -Djdk.tls.ephemeralDHKeySize=2048
11-Sep-2019 17:42:18.611 INFO [main] org.apache.catalina.startup.VersionLoggerListener.log Command line argument: -Djava.protocol.handler.pkgs=org.apache.catalina.webresources
11-Sep-2019 17:42:18.612 INFO [main] org.apache.catalina.startup.VersionLoggerListener.log Command line argument: -Dignore.endorsed.dirs=
11-Sep-2019 17:42:18.612 INFO [main] org.apache.catalina.startup.VersionLoggerListener.log Command line argument: -Dcatalina.base=C:\Users\adria\Desktop\repok\Java\apache-tomcat-9.0.14
11-Sep-2019 17:42:18.613 INFO [main] org.apache.catalina.startup.VersionLoggerListener.log Command line argument: -Dcatalina.home=C:\Users\adria\Desktop\repok\Java\apache-tomcat-9.0.14
11-Sep-2019 17:42:18.613 INFO [main] org.apache.catalina.startup.VersionLoggerListener.log Command line argument: -Djava.io.tmpdir=C:\Users\adria\Desktop\repok\Java\apache-tomcat-9.0.14\temp
11-Sep-2019 17:42:18.613 INFO [main] org.apache.catalina.core.AprLifecycleListener.lifecycleEvent Loaded APR based Apache Tomcat Native library [1.2.19] using APR version [1.6.5].
11-Sep-2019 17:42:18.614 INFO [main] org.apache.catalina.core.AprLifecycleListener.lifecycleEvent APR capabilities: IPv6 [true], sendfile [true], accept filters [false], random [true].
11-Sep-2019 17:42:18.616 INFO [main] org.apache.catalina.core.AprLifecycleListener.lifecycleEvent APR/OpenSSL configuration: useAprConnector [false], useOpenSSL [true]
11-Sep-2019 17:42:18.626 INFO [main] org.apache.catalina.core.AprLifecycleListener.initializeSSL OpenSSL successfully initialized [OpenSSL 1.1.1a  20 Nov 2018]
11-Sep-2019 17:42:18.674 INFO [main] org.apache.coyote.AbstractProtocol.init Initializing ProtocolHandler ["http-nio-8080"]
11-Sep-2019 17:42:18.785 INFO [main] org.apache.coyote.AbstractProtocol.init Initializing ProtocolHandler ["ajp-nio-8009"]
11-Sep-2019 17:42:18.789 INFO [main] org.apache.catalina.startup.Catalina.load Server initialization in [692] milliseconds
11-Sep-2019 17:42:18.847 INFO [main] org.apache.catalina.core.StandardService.startInternal Starting service [Catalina]
11-Sep-2019 17:42:18.847 INFO [main] org.apache.catalina.core.StandardEngine.startInternal Starting Servlet engine: [Apache Tomcat/9.0.14]
11-Sep-2019 17:42:18.857 INFO [main] org.apache.catalina.startup.HostConfig.deployDirectory Deploying web application directory [C:\Users\adria\Desktop\repok\Java\apache-tomcat-9.0.14\webapps\Binfa]
11-Sep-2019 17:42:23.272 INFO [main] org.apache.catalina.startup.VersionLoggerListener.log Server version name:   Apache Tomcat/9.0.14
11-Sep-2019 17:42:23.276 INFO [main] org.apache.catalina.startup.VersionLoggerListener.log Server built:          Dec 6 2018 21:13:53 UTC
11-Sep-2019 17:42:23.276 INFO [main] org.apache.catalina.startup.VersionLoggerListener.log Server version number: 9.0.14.0
11-Sep-2019 17:42:23.276 INFO [main] org.apache.catalina.startup.VersionLoggerListener.log OS Name:               Windows 10
11-Sep-2019 17:42:23.277 INFO [main] org.apache.catalina.startup.VersionLoggerListener.log OS Version:            10.0
11-Sep-2019 17:42:23.277 INFO [main] org.apache.catalina.startup.VersionLoggerListener.log Architecture:          amd64
11-Sep-2019 17:42:23.277 INFO [main] org.apache.catalina.startup.VersionLoggerListener.log Java Home:             C:\Program Files\Java\jdk-11.0.4
11-Sep-2019 17:42:23.277 INFO [main] org.apache.catalina.startup.VersionLoggerListener.log JVM Version:           11.0.4+10-LTS
11-Sep-2019 17:42:23.280 INFO [main] org.apache.catalina.startup.VersionLoggerListener.log JVM Vendor:            Oracle Corporation
11-Sep-2019 17:42:23.280 INFO [main] org.apache.catalina.startup.VersionLoggerListener.log CATALINA_BASE:         C:\Users\adria\Desktop\repok\Java\apache-tomcat-9.0.14
11-Sep-2019 17:42:23.280 INFO [main] org.apache.catalina.startup.VersionLoggerListener.log CATALINA_HOME:         C:\Users\adria\Desktop\repok\Java\apache-tomcat-9.0.14
11-Sep-2019 17:42:23.281 INFO [main] org.apache.catalina.startup.VersionLoggerListener.log Command line argument: --add-opens=java.base/java.lang=ALL-UNNAMED
11-Sep-2019 17:42:23.281 INFO [main] org.apache.catalina.startup.VersionLoggerListener.log Command line argument: --add-opens=java.base/java.io=ALL-UNNAMED
11-Sep-2019 17:42:23.281 INFO [main] org.apache.catalina.startup.VersionLoggerListener.log Command line argument: --add-opens=java.rmi/sun.rmi.transport=ALL-UNNAMED
11-Sep-2019 17:42:23.281 INFO [main] org.apache.catalina.startup.VersionLoggerListener.log Command line argument: -Djava.util.logging.config.file=C:\Users\adria\Desktop\repok\Java\apache-tomcat-9.0.14\conf\logging.properties
11-Sep-2019 17:42:23.282 INFO [main] org.apache.catalina.startup.VersionLoggerListener.log Command line argument: -Djava.util.logging.manager=org.apache.juli.ClassLoaderLogManager
11-Sep-2019 17:42:23.282 INFO [main] org.apache.catalina.startup.VersionLoggerListener.log Command line argument: -Djdk.tls.ephemeralDHKeySize=2048
11-Sep-2019 17:42:23.283 INFO [main] org.apache.catalina.startup.VersionLoggerListener.log Command line argument: -Djava.protocol.handler.pkgs=org.apache.catalina.webresources
11-Sep-2019 17:42:23.283 INFO [main] org.apache.catalina.startup.VersionLoggerListener.log Command line argument: -Dignore.endorsed.dirs=
11-Sep-2019 17:42:23.283 INFO [main] org.apache.catalina.startup.VersionLoggerListener.log Command line argument: -Dcatalina.base=C:\Users\adria\Desktop\repok\Java\apache-tomcat-9.0.14
11-Sep-2019 17:42:23.284 INFO [main] org.apache.catalina.startup.VersionLoggerListener.log Command line argument: -Dcatalina.home=C:\Users\adria\Desktop\repok\Java\apache-tomcat-9.0.14
11-Sep-2019 17:42:23.284 INFO [main] org.apache.catalina.startup.VersionLoggerListener.log Command line argument: -Djava.io.tmpdir=C:\Users\adria\Desktop\repok\Java\apache-tomcat-9.0.14\temp
11-Sep-2019 17:42:23.284 INFO [main] org.apache.catalina.core.AprLifecycleListener.lifecycleEvent Loaded APR based Apache Tomcat Native library [1.2.19] using APR version [1.6.5].
11-Sep-2019 17:42:23.285 INFO [main] org.apache.catalina.core.AprLifecycleListener.lifecycleEvent APR capabilities: IPv6 [true], sendfile [true], accept filters [false], random [true].
11-Sep-2019 17:42:23.287 INFO [main] org.apache.catalina.core.AprLifecycleListener.lifecycleEvent APR/OpenSSL configuration: useAprConnector [false], useOpenSSL [true]
11-Sep-2019 17:42:23.291 INFO [main] org.apache.catalina.core.AprLifecycleListener.initializeSSL OpenSSL successfully initialized [OpenSSL 1.1.1a  20 Nov 2018]
11-Sep-2019 17:42:23.339 INFO [main] org.apache.coyote.AbstractProtocol.init Initializing ProtocolHandler ["http-nio-8080"]
11-Sep-2019 17:42:23.439 INFO [main] org.apache.coyote.AbstractProtocol.init Initializing ProtocolHandler ["ajp-nio-8009"]
11-Sep-2019 17:42:23.443 INFO [main] org.apache.catalina.startup.Catalina.load Server initialization in [601] milliseconds
11-Sep-2019 17:42:23.503 INFO [main] org.apache.catalina.core.StandardService.startInternal Starting service [Catalina]
11-Sep-2019 17:42:23.504 INFO [main] org.apache.catalina.core.StandardEngine.startInternal Starting Servlet engine: [Apache Tomcat/9.0.14]
11-Sep-2019 17:42:23.514 INFO [main] org.apache.catalina.startup.HostConfig.deployDirectory Deploying web application directory [C:\Users\adria\Desktop\repok\Java\apache-tomcat-9.0.14\webapps\Binfa]
11-Sep-2019 17:42:23.936 INFO [main] org.apache.catalina.startup.HostConfig.deployDirectory Deployment of web application directory [C:\Users\adria\Desktop\repok\Java\apache-tomcat-9.0.14\webapps\Binfa] has finished in [422] ms
11-Sep-2019 17:42:23.938 INFO [main] org.apache.catalina.startup.HostConfig.deployDirectory Deploying web application directory [C:\Users\adria\Desktop\repok\Java\apache-tomcat-9.0.14\webapps\docs]
11-Sep-2019 17:42:23.969 INFO [main] org.apache.catalina.startup.HostConfig.deployDirectory Deployment of web application directory [C:\Users\adria\Desktop\repok\Java\apache-tomcat-9.0.14\webapps\docs] has finished in [31] ms
11-Sep-2019 17:42:23.970 INFO [main] org.apache.catalina.startup.HostConfig.deployDirectory Deploying web application directory [C:\Users\adria\Desktop\repok\Java\apache-tomcat-9.0.14\webapps\examples]
11-Sep-2019 17:42:24.298 INFO [main] org.apache.catalina.startup.HostConfig.deployDirectory Deployment of web application directory [C:\Users\adria\Desktop\repok\Java\apache-tomcat-9.0.14\webapps\examples] has finished in [328] ms
11-Sep-2019 17:42:24.299 INFO [main] org.apache.catalina.startup.HostConfig.deployDirectory Deploying web application directory [C:\Users\adria\Desktop\repok\Java\apache-tomcat-9.0.14\webapps\host-manager]
11-Sep-2019 17:42:24.335 INFO [main] org.apache.catalina.startup.HostConfig.deployDirectory Deployment of web application directory [C:\Users\adria\Desktop\repok\Java\apache-tomcat-9.0.14\webapps\host-manager] has finished in [35] ms
11-Sep-2019 17:42:24.335 INFO [main] org.apache.catalina.startup.HostConfig.deployDirectory Deploying web application directory [C:\Users\adria\Desktop\repok\Java\apache-tomcat-9.0.14\webapps\manager]
11-Sep-2019 17:42:24.367 INFO [main] org.apache.catalina.startup.HostConfig.deployDirectory Deployment of web application directory [C:\Users\adria\Desktop\repok\Java\apache-tomcat-9.0.14\webapps\manager] has finished in [32] ms
11-Sep-2019 17:42:24.368 INFO [main] org.apache.catalina.startup.HostConfig.deployDirectory Deploying web application directory [C:\Users\adria\Desktop\repok\Java\apache-tomcat-9.0.14\webapps\ROOT]
11-Sep-2019 17:42:24.394 INFO [main] org.apache.catalina.startup.HostConfig.deployDirectory Deployment of web application directory [C:\Users\adria\Desktop\repok\Java\apache-tomcat-9.0.14\webapps\ROOT] has finished in [26] ms
11-Sep-2019 17:42:24.395 INFO [main] org.apache.catalina.startup.HostConfig.deployDirectory Deploying web application directory [C:\Users\adria\Desktop\repok\Java\apache-tomcat-9.0.14\webapps\TestServlet]
11-Sep-2019 17:42:24.440 INFO [main] org.apache.catalina.startup.HostConfig.deployDirectory Deployment of web application directory [C:\Users\adria\Desktop\repok\Java\apache-tomcat-9.0.14\webapps\TestServlet] has finished in [44] ms
11-Sep-2019 17:42:24.443 INFO [main] org.apache.coyote.AbstractProtocol.start Starting ProtocolHandler ["http-nio-8080"]
11-Sep-2019 17:42:24.452 INFO [main] org.apache.coyote.AbstractProtocol.start Starting ProtocolHandler ["ajp-nio-8009"]
11-Sep-2019 17:42:24.456 INFO [main] org.apache.catalina.startup.Catalina.start Server startup in [1,012] milliseconds
11-Sep-2019 17:43:44.970 INFO [Thread-4] org.apache.coyote.AbstractProtocol.pause Pausing ProtocolHandler ["http-nio-8080"]
11-Sep-2019 17:43:45.019 INFO [Thread-4] org.apache.coyote.AbstractProtocol.pause Pausing ProtocolHandler ["ajp-nio-8009"]
11-Sep-2019 17:43:45.063 INFO [Thread-4] org.apache.catalina.core.StandardService.stopInternal Stopping service [Catalina]
11-Sep-2019 17:43:45.118 INFO [Thread-4] org.apache.coyote.AbstractProtocol.stop Stopping ProtocolHandler ["http-nio-8080"]
11-Sep-2019 17:43:45.121 INFO [Thread-4] org.apache.coyote.AbstractProtocol.stop Stopping ProtocolHandler ["ajp-nio-8009"]
11-Sep-2019 17:43:45.125 INFO [Thread-4] org.apache.coyote.AbstractProtocol.destroy Destroying ProtocolHandler ["http-nio-8080"]
11-Sep-2019 17:43:45.126 INFO [Thread-4] org.apache.coyote.AbstractProtocol.destroy Destroying ProtocolHandler ["ajp-nio-8009"]
