09-Sep-2019 09:14:34.623 INFO [main] org.apache.catalina.startup.VersionLoggerListener.log Server version name:   Apache Tomcat/9.0.14
09-Sep-2019 09:14:34.626 INFO [main] org.apache.catalina.startup.VersionLoggerListener.log Server built:          Dec 6 2018 21:13:53 UTC
09-Sep-2019 09:14:34.627 INFO [main] org.apache.catalina.startup.VersionLoggerListener.log Server version number: 9.0.14.0
09-Sep-2019 09:14:34.627 INFO [main] org.apache.catalina.startup.VersionLoggerListener.log OS Name:               Windows 10
09-Sep-2019 09:14:34.627 INFO [main] org.apache.catalina.startup.VersionLoggerListener.log OS Version:            10.0
09-Sep-2019 09:14:34.627 INFO [main] org.apache.catalina.startup.VersionLoggerListener.log Architecture:          amd64
09-Sep-2019 09:14:34.627 INFO [main] org.apache.catalina.startup.VersionLoggerListener.log Java Home:             C:\Program Files\Java\jdk-11.0.4
09-Sep-2019 09:14:34.628 INFO [main] org.apache.catalina.startup.VersionLoggerListener.log JVM Version:           11.0.4+10-LTS
09-Sep-2019 09:14:34.628 INFO [main] org.apache.catalina.startup.VersionLoggerListener.log JVM Vendor:            Oracle Corporation
09-Sep-2019 09:14:34.629 INFO [main] org.apache.catalina.startup.VersionLoggerListener.log CATALINA_BASE:         C:\Program Files\Java\apache-tomcat-9.0.14
09-Sep-2019 09:14:34.629 INFO [main] org.apache.catalina.startup.VersionLoggerListener.log CATALINA_HOME:         C:\Program Files\Java\apache-tomcat-9.0.14
09-Sep-2019 09:14:34.631 INFO [main] org.apache.catalina.startup.VersionLoggerListener.log Command line argument: --add-opens=java.base/java.lang=ALL-UNNAMED
09-Sep-2019 09:14:34.631 INFO [main] org.apache.catalina.startup.VersionLoggerListener.log Command line argument: --add-opens=java.base/java.io=ALL-UNNAMED
09-Sep-2019 09:14:34.632 INFO [main] org.apache.catalina.startup.VersionLoggerListener.log Command line argument: --add-opens=java.rmi/sun.rmi.transport=ALL-UNNAMED
09-Sep-2019 09:14:34.632 INFO [main] org.apache.catalina.startup.VersionLoggerListener.log Command line argument: -Djava.util.logging.config.file=C:\Program Files\Java\apache-tomcat-9.0.14\conf\logging.properties
09-Sep-2019 09:14:34.633 INFO [main] org.apache.catalina.startup.VersionLoggerListener.log Command line argument: -Djava.util.logging.manager=org.apache.juli.ClassLoaderLogManager
09-Sep-2019 09:14:34.633 INFO [main] org.apache.catalina.startup.VersionLoggerListener.log Command line argument: -Djdk.tls.ephemeralDHKeySize=2048
09-Sep-2019 09:14:34.634 INFO [main] org.apache.catalina.startup.VersionLoggerListener.log Command line argument: -Djava.protocol.handler.pkgs=org.apache.catalina.webresources
09-Sep-2019 09:14:34.634 INFO [main] org.apache.catalina.startup.VersionLoggerListener.log Command line argument: -Dignore.endorsed.dirs=
09-Sep-2019 09:14:34.634 INFO [main] org.apache.catalina.startup.VersionLoggerListener.log Command line argument: -Dcatalina.base=C:\Program Files\Java\apache-tomcat-9.0.14
09-Sep-2019 09:14:34.637 INFO [main] org.apache.catalina.startup.VersionLoggerListener.log Command line argument: -Dcatalina.home=C:\Program Files\Java\apache-tomcat-9.0.14
09-Sep-2019 09:14:34.638 INFO [main] org.apache.catalina.startup.VersionLoggerListener.log Command line argument: -Djava.io.tmpdir=C:\Program Files\Java\apache-tomcat-9.0.14\temp
09-Sep-2019 09:14:34.638 INFO [main] org.apache.catalina.core.AprLifecycleListener.lifecycleEvent Loaded APR based Apache Tomcat Native library [1.2.19] using APR version [1.6.5].
09-Sep-2019 09:14:34.639 INFO [main] org.apache.catalina.core.AprLifecycleListener.lifecycleEvent APR capabilities: IPv6 [true], sendfile [true], accept filters [false], random [true].
09-Sep-2019 09:14:34.639 INFO [main] org.apache.catalina.core.AprLifecycleListener.lifecycleEvent APR/OpenSSL configuration: useAprConnector [false], useOpenSSL [true]
09-Sep-2019 09:14:34.652 INFO [main] org.apache.catalina.core.AprLifecycleListener.initializeSSL OpenSSL successfully initialized [OpenSSL 1.1.1a  20 Nov 2018]
09-Sep-2019 09:14:34.700 INFO [main] org.apache.coyote.AbstractProtocol.init Initializing ProtocolHandler ["http-nio-8080"]
09-Sep-2019 09:14:34.804 INFO [main] org.apache.coyote.AbstractProtocol.init Initializing ProtocolHandler ["ajp-nio-8009"]
09-Sep-2019 09:14:34.810 INFO [main] org.apache.catalina.startup.Catalina.load Server initialization in [630] milliseconds
09-Sep-2019 09:14:34.869 INFO [main] org.apache.catalina.core.StandardService.startInternal Starting service [Catalina]
09-Sep-2019 09:14:34.870 INFO [main] org.apache.catalina.core.StandardEngine.startInternal Starting Servlet engine: [Apache Tomcat/9.0.14]
09-Sep-2019 09:14:34.880 INFO [main] org.apache.catalina.startup.HostConfig.deployDirectory Deploying web application directory [C:\Program Files\Java\apache-tomcat-9.0.14\webapps\docs]
09-Sep-2019 09:14:35.392 INFO [main] org.apache.catalina.startup.HostConfig.deployDirectory Deployment of web application directory [C:\Program Files\Java\apache-tomcat-9.0.14\webapps\docs] has finished in [512] ms
09-Sep-2019 09:14:35.392 INFO [main] org.apache.catalina.startup.HostConfig.deployDirectory Deploying web application directory [C:\Program Files\Java\apache-tomcat-9.0.14\webapps\examples]
09-Sep-2019 09:14:36.602 INFO [main] org.apache.catalina.startup.HostConfig.deployDirectory Deployment of web application directory [C:\Program Files\Java\apache-tomcat-9.0.14\webapps\examples] has finished in [1,209] ms
09-Sep-2019 09:14:36.603 INFO [main] org.apache.catalina.startup.HostConfig.deployDirectory Deploying web application directory [C:\Program Files\Java\apache-tomcat-9.0.14\webapps\host-manager]
09-Sep-2019 09:14:36.650 INFO [main] org.apache.catalina.startup.HostConfig.deployDirectory Deployment of web application directory [C:\Program Files\Java\apache-tomcat-9.0.14\webapps\host-manager] has finished in [46] ms
09-Sep-2019 09:14:36.650 INFO [main] org.apache.catalina.startup.HostConfig.deployDirectory Deploying web application directory [C:\Program Files\Java\apache-tomcat-9.0.14\webapps\manager]
09-Sep-2019 09:14:36.690 INFO [main] org.apache.catalina.startup.HostConfig.deployDirectory Deployment of web application directory [C:\Program Files\Java\apache-tomcat-9.0.14\webapps\manager] has finished in [40] ms
09-Sep-2019 09:14:36.692 INFO [main] org.apache.catalina.startup.HostConfig.deployDirectory Deploying web application directory [C:\Program Files\Java\apache-tomcat-9.0.14\webapps\New folder]
09-Sep-2019 09:14:36.720 INFO [main] org.apache.catalina.startup.HostConfig.deployDirectory Deployment of web application directory [C:\Program Files\Java\apache-tomcat-9.0.14\webapps\New folder] has finished in [28] ms
09-Sep-2019 09:14:36.720 INFO [main] org.apache.catalina.startup.HostConfig.deployDirectory Deploying web application directory [C:\Program Files\Java\apache-tomcat-9.0.14\webapps\ROOT]
09-Sep-2019 09:14:36.747 INFO [main] org.apache.catalina.startup.HostConfig.deployDirectory Deployment of web application directory [C:\Program Files\Java\apache-tomcat-9.0.14\webapps\ROOT] has finished in [27] ms
09-Sep-2019 09:14:36.748 INFO [main] org.apache.catalina.startup.HostConfig.deployDirectory Deploying web application directory [C:\Program Files\Java\apache-tomcat-9.0.14\webapps\TestServlet]
09-Sep-2019 09:14:36.799 INFO [main] org.apache.catalina.startup.HostConfig.deployDirectory Deployment of web application directory [C:\Program Files\Java\apache-tomcat-9.0.14\webapps\TestServlet] has finished in [51] ms
09-Sep-2019 09:14:36.804 INFO [main] org.apache.coyote.AbstractProtocol.start Starting ProtocolHandler ["http-nio-8080"]
09-Sep-2019 09:14:36.811 INFO [main] org.apache.coyote.AbstractProtocol.start Starting ProtocolHandler ["ajp-nio-8009"]
09-Sep-2019 09:14:36.815 INFO [main] org.apache.catalina.startup.Catalina.start Server startup in [2,004] milliseconds
09-Sep-2019 09:21:37.573 INFO [Catalina-utility-1] org.apache.catalina.startup.HostConfig.undeploy Undeploying context [/New folder]
09-Sep-2019 09:51:13.991 INFO [main] org.apache.catalina.startup.VersionLoggerListener.log Server version name:   Apache Tomcat/9.0.14
09-Sep-2019 09:51:13.999 INFO [main] org.apache.catalina.startup.VersionLoggerListener.log Server built:          Dec 6 2018 21:13:53 UTC
09-Sep-2019 09:51:13.999 INFO [main] org.apache.catalina.startup.VersionLoggerListener.log Server version number: 9.0.14.0
09-Sep-2019 09:51:14.000 INFO [main] org.apache.catalina.startup.VersionLoggerListener.log OS Name:               Windows 10
09-Sep-2019 09:51:14.000 INFO [main] org.apache.catalina.startup.VersionLoggerListener.log OS Version:            10.0
09-Sep-2019 09:51:14.000 INFO [main] org.apache.catalina.startup.VersionLoggerListener.log Architecture:          amd64
09-Sep-2019 09:51:14.002 INFO [main] org.apache.catalina.startup.VersionLoggerListener.log Java Home:             C:\Program Files\Java\jdk-11.0.4
09-Sep-2019 09:51:14.003 INFO [main] org.apache.catalina.startup.VersionLoggerListener.log JVM Version:           11.0.4+10-LTS
09-Sep-2019 09:51:14.004 INFO [main] org.apache.catalina.startup.VersionLoggerListener.log JVM Vendor:            Oracle Corporation
09-Sep-2019 09:51:14.004 INFO [main] org.apache.catalina.startup.VersionLoggerListener.log CATALINA_BASE:         C:\Program Files\Java\apache-tomcat-9.0.14
09-Sep-2019 09:51:14.006 INFO [main] org.apache.catalina.startup.VersionLoggerListener.log CATALINA_HOME:         C:\Program Files\Java\apache-tomcat-9.0.14
09-Sep-2019 09:51:14.007 INFO [main] org.apache.catalina.startup.VersionLoggerListener.log Command line argument: --add-opens=java.base/java.lang=ALL-UNNAMED
09-Sep-2019 09:51:14.007 INFO [main] org.apache.catalina.startup.VersionLoggerListener.log Command line argument: --add-opens=java.base/java.io=ALL-UNNAMED
09-Sep-2019 09:51:14.008 INFO [main] org.apache.catalina.startup.VersionLoggerListener.log Command line argument: --add-opens=java.rmi/sun.rmi.transport=ALL-UNNAMED
09-Sep-2019 09:51:14.008 INFO [main] org.apache.catalina.startup.VersionLoggerListener.log Command line argument: -Djava.util.logging.config.file=C:\Program Files\Java\apache-tomcat-9.0.14\conf\logging.properties
09-Sep-2019 09:51:14.008 INFO [main] org.apache.catalina.startup.VersionLoggerListener.log Command line argument: -Djava.util.logging.manager=org.apache.juli.ClassLoaderLogManager
09-Sep-2019 09:51:14.009 INFO [main] org.apache.catalina.startup.VersionLoggerListener.log Command line argument: -Djdk.tls.ephemeralDHKeySize=2048
09-Sep-2019 09:51:14.010 INFO [main] org.apache.catalina.startup.VersionLoggerListener.log Command line argument: -Djava.protocol.handler.pkgs=org.apache.catalina.webresources
09-Sep-2019 09:51:14.010 INFO [main] org.apache.catalina.startup.VersionLoggerListener.log Command line argument: -Dignore.endorsed.dirs=
09-Sep-2019 09:51:14.011 INFO [main] org.apache.catalina.startup.VersionLoggerListener.log Command line argument: -Dcatalina.base=C:\Program Files\Java\apache-tomcat-9.0.14
09-Sep-2019 09:51:14.011 INFO [main] org.apache.catalina.startup.VersionLoggerListener.log Command line argument: -Dcatalina.home=C:\Program Files\Java\apache-tomcat-9.0.14
09-Sep-2019 09:51:14.012 INFO [main] org.apache.catalina.startup.VersionLoggerListener.log Command line argument: -Djava.io.tmpdir=C:\Program Files\Java\apache-tomcat-9.0.14\temp
09-Sep-2019 09:51:14.012 INFO [main] org.apache.catalina.core.AprLifecycleListener.lifecycleEvent Loaded APR based Apache Tomcat Native library [1.2.19] using APR version [1.6.5].
09-Sep-2019 09:51:14.013 INFO [main] org.apache.catalina.core.AprLifecycleListener.lifecycleEvent APR capabilities: IPv6 [true], sendfile [true], accept filters [false], random [true].
09-Sep-2019 09:51:14.014 INFO [main] org.apache.catalina.core.AprLifecycleListener.lifecycleEvent APR/OpenSSL configuration: useAprConnector [false], useOpenSSL [true]
09-Sep-2019 09:51:14.020 INFO [main] org.apache.catalina.core.AprLifecycleListener.initializeSSL OpenSSL successfully initialized [OpenSSL 1.1.1a  20 Nov 2018]
09-Sep-2019 09:51:14.091 INFO [main] org.apache.coyote.AbstractProtocol.init Initializing ProtocolHandler ["http-nio-8080"]
09-Sep-2019 09:51:14.208 SEVERE [main] org.apache.catalina.util.LifecycleBase.handleSubClassException Failed to initialize component [Connector[HTTP/1.1-8080]]
 org.apache.catalina.LifecycleException: Protocol handler initialization failed
	at org.apache.catalina.connector.Connector.initInternal(Connector.java:979)
	at org.apache.catalina.util.LifecycleBase.init(LifecycleBase.java:136)
	at org.apache.catalina.core.StandardService.initInternal(StandardService.java:535)
	at org.apache.catalina.util.LifecycleBase.init(LifecycleBase.java:136)
	at org.apache.catalina.core.StandardServer.initInternal(StandardServer.java:1060)
	at org.apache.catalina.util.LifecycleBase.init(LifecycleBase.java:136)
	at org.apache.catalina.startup.Catalina.load(Catalina.java:588)
	at org.apache.catalina.startup.Catalina.load(Catalina.java:611)
	at java.base/jdk.internal.reflect.NativeMethodAccessorImpl.invoke0(Native Method)
	at java.base/jdk.internal.reflect.NativeMethodAccessorImpl.invoke(NativeMethodAccessorImpl.java:62)
	at java.base/jdk.internal.reflect.DelegatingMethodAccessorImpl.invoke(DelegatingMethodAccessorImpl.java:43)
	at java.base/java.lang.reflect.Method.invoke(Method.java:566)
	at org.apache.catalina.startup.Bootstrap.load(Bootstrap.java:306)
	at org.apache.catalina.startup.Bootstrap.main(Bootstrap.java:491)
Caused by: java.net.BindException: Address already in use: bind
	at java.base/sun.nio.ch.Net.bind0(Native Method)
	at java.base/sun.nio.ch.Net.bind(Net.java:461)
	at java.base/sun.nio.ch.Net.bind(Net.java:453)
	at java.base/sun.nio.ch.ServerSocketChannelImpl.bind(ServerSocketChannelImpl.java:227)
	at java.base/sun.nio.ch.ServerSocketAdaptor.bind(ServerSocketAdaptor.java:80)
	at org.apache.tomcat.util.net.NioEndpoint.initServerSocket(NioEndpoint.java:236)
	at org.apache.tomcat.util.net.NioEndpoint.bind(NioEndpoint.java:210)
	at org.apache.tomcat.util.net.AbstractEndpoint.bindWithCleanup(AbstractEndpoint.java:1085)
	at org.apache.tomcat.util.net.AbstractEndpoint.init(AbstractEndpoint.java:1098)
	at org.apache.coyote.AbstractProtocol.init(AbstractProtocol.java:557)
	at org.apache.coyote.http11.AbstractHttp11Protocol.init(AbstractHttp11Protocol.java:74)
	at org.apache.catalina.connector.Connector.initInternal(Connector.java:976)
	... 13 more

09-Sep-2019 09:51:14.210 INFO [main] org.apache.coyote.AbstractProtocol.init Initializing ProtocolHandler ["ajp-nio-8009"]
09-Sep-2019 09:51:14.214 SEVERE [main] org.apache.catalina.util.LifecycleBase.handleSubClassException Failed to initialize component [Connector[AJP/1.3-8009]]
 org.apache.catalina.LifecycleException: Protocol handler initialization failed
	at org.apache.catalina.connector.Connector.initInternal(Connector.java:979)
	at org.apache.catalina.util.LifecycleBase.init(LifecycleBase.java:136)
	at org.apache.catalina.core.StandardService.initInternal(StandardService.java:535)
	at org.apache.catalina.util.LifecycleBase.init(LifecycleBase.java:136)
	at org.apache.catalina.core.StandardServer.initInternal(StandardServer.java:1060)
	at org.apache.catalina.util.LifecycleBase.init(LifecycleBase.java:136)
	at org.apache.catalina.startup.Catalina.load(Catalina.java:588)
	at org.apache.catalina.startup.Catalina.load(Catalina.java:611)
	at java.base/jdk.internal.reflect.NativeMethodAccessorImpl.invoke0(Native Method)
	at java.base/jdk.internal.reflect.NativeMethodAccessorImpl.invoke(NativeMethodAccessorImpl.java:62)
	at java.base/jdk.internal.reflect.DelegatingMethodAccessorImpl.invoke(DelegatingMethodAccessorImpl.java:43)
	at java.base/java.lang.reflect.Method.invoke(Method.java:566)
	at org.apache.catalina.startup.Bootstrap.load(Bootstrap.java:306)
	at org.apache.catalina.startup.Bootstrap.main(Bootstrap.java:491)
Caused by: java.net.BindException: Address already in use: bind
	at java.base/sun.nio.ch.Net.bind0(Native Method)
	at java.base/sun.nio.ch.Net.bind(Net.java:461)
	at java.base/sun.nio.ch.Net.bind(Net.java:453)
	at java.base/sun.nio.ch.ServerSocketChannelImpl.bind(ServerSocketChannelImpl.java:227)
	at java.base/sun.nio.ch.ServerSocketAdaptor.bind(ServerSocketAdaptor.java:80)
	at org.apache.tomcat.util.net.NioEndpoint.initServerSocket(NioEndpoint.java:236)
	at org.apache.tomcat.util.net.NioEndpoint.bind(NioEndpoint.java:210)
	at org.apache.tomcat.util.net.AbstractEndpoint.bindWithCleanup(AbstractEndpoint.java:1085)
	at org.apache.tomcat.util.net.AbstractEndpoint.init(AbstractEndpoint.java:1098)
	at org.apache.coyote.AbstractProtocol.init(AbstractProtocol.java:557)
	at org.apache.catalina.connector.Connector.initInternal(Connector.java:976)
	... 13 more

09-Sep-2019 09:51:14.215 INFO [main] org.apache.catalina.startup.Catalina.load Server initialization in [669] milliseconds
09-Sep-2019 09:51:14.269 INFO [main] org.apache.catalina.core.StandardService.startInternal Starting service [Catalina]
09-Sep-2019 09:51:14.270 INFO [main] org.apache.catalina.core.StandardEngine.startInternal Starting Servlet engine: [Apache Tomcat/9.0.14]
09-Sep-2019 09:51:14.278 INFO [main] org.apache.catalina.startup.HostConfig.deployDirectory Deploying web application directory [C:\Program Files\Java\apache-tomcat-9.0.14\webapps\Binfa]
09-Sep-2019 09:51:14.807 INFO [main] org.apache.catalina.startup.HostConfig.deployDirectory Deployment of web application directory [C:\Program Files\Java\apache-tomcat-9.0.14\webapps\Binfa] has finished in [529] ms
09-Sep-2019 09:51:14.808 INFO [main] org.apache.catalina.startup.HostConfig.deployDirectory Deploying web application directory [C:\Program Files\Java\apache-tomcat-9.0.14\webapps\docs]
09-Sep-2019 09:51:14.854 INFO [main] org.apache.catalina.startup.HostConfig.deployDirectory Deployment of web application directory [C:\Program Files\Java\apache-tomcat-9.0.14\webapps\docs] has finished in [46] ms
09-Sep-2019 09:51:14.855 INFO [main] org.apache.catalina.startup.HostConfig.deployDirectory Deploying web application directory [C:\Program Files\Java\apache-tomcat-9.0.14\webapps\examples]
09-Sep-2019 09:51:15.171 INFO [main] org.apache.catalina.startup.HostConfig.deployDirectory Deployment of web application directory [C:\Program Files\Java\apache-tomcat-9.0.14\webapps\examples] has finished in [315] ms
09-Sep-2019 09:51:15.172 INFO [main] org.apache.catalina.startup.HostConfig.deployDirectory Deploying web application directory [C:\Program Files\Java\apache-tomcat-9.0.14\webapps\host-manager]
09-Sep-2019 09:51:15.210 INFO [main] org.apache.catalina.startup.HostConfig.deployDirectory Deployment of web application directory [C:\Program Files\Java\apache-tomcat-9.0.14\webapps\host-manager] has finished in [39] ms
09-Sep-2019 09:51:15.211 INFO [main] org.apache.catalina.startup.HostConfig.deployDirectory Deploying web application directory [C:\Program Files\Java\apache-tomcat-9.0.14\webapps\manager]
09-Sep-2019 09:51:15.240 INFO [main] org.apache.catalina.startup.HostConfig.deployDirectory Deployment of web application directory [C:\Program Files\Java\apache-tomcat-9.0.14\webapps\manager] has finished in [29] ms
09-Sep-2019 09:51:15.240 INFO [main] org.apache.catalina.startup.HostConfig.deployDirectory Deploying web application directory [C:\Program Files\Java\apache-tomcat-9.0.14\webapps\ROOT]
09-Sep-2019 09:51:15.270 INFO [main] org.apache.catalina.startup.HostConfig.deployDirectory Deployment of web application directory [C:\Program Files\Java\apache-tomcat-9.0.14\webapps\ROOT] has finished in [30] ms
09-Sep-2019 09:51:15.271 INFO [main] org.apache.catalina.startup.HostConfig.deployDirectory Deploying web application directory [C:\Program Files\Java\apache-tomcat-9.0.14\webapps\TestServlet]
09-Sep-2019 09:51:15.305 INFO [main] org.apache.catalina.startup.HostConfig.deployDirectory Deployment of web application directory [C:\Program Files\Java\apache-tomcat-9.0.14\webapps\TestServlet] has finished in [33] ms
09-Sep-2019 09:51:15.310 INFO [main] org.apache.catalina.startup.Catalina.start Server startup in [1,094] milliseconds
09-Sep-2019 09:51:15.318 SEVERE [main] org.apache.catalina.core.StandardServer.await Failed to create server shutdown socket on address [localhost] and port [8005] (base port [8005] and offset [0])
 java.net.BindException: Address already in use: NET_Bind
	at java.base/java.net.PlainSocketImpl.bind0(Native Method)
	at java.base/java.net.PlainSocketImpl.socketBind(PlainSocketImpl.java:132)
	at java.base/java.net.AbstractPlainSocketImpl.bind(AbstractPlainSocketImpl.java:436)
	at java.base/java.net.ServerSocket.bind(ServerSocket.java:381)
	at java.base/java.net.ServerSocket.<init>(ServerSocket.java:243)
	at org.apache.catalina.core.StandardServer.await(StandardServer.java:587)
	at org.apache.catalina.startup.Catalina.await(Catalina.java:725)
	at org.apache.catalina.startup.Catalina.start(Catalina.java:671)
	at java.base/jdk.internal.reflect.NativeMethodAccessorImpl.invoke0(Native Method)
	at java.base/jdk.internal.reflect.NativeMethodAccessorImpl.invoke(NativeMethodAccessorImpl.java:62)
	at java.base/jdk.internal.reflect.DelegatingMethodAccessorImpl.invoke(DelegatingMethodAccessorImpl.java:43)
	at java.base/java.lang.reflect.Method.invoke(Method.java:566)
	at org.apache.catalina.startup.Bootstrap.start(Bootstrap.java:350)
	at org.apache.catalina.startup.Bootstrap.main(Bootstrap.java:492)

09-Sep-2019 09:51:15.320 INFO [main] org.apache.coyote.AbstractProtocol.pause Pausing ProtocolHandler ["http-nio-8080"]
09-Sep-2019 09:51:15.321 INFO [main] org.apache.coyote.AbstractProtocol.pause Pausing ProtocolHandler ["ajp-nio-8009"]
09-Sep-2019 09:51:15.322 INFO [main] org.apache.catalina.core.StandardService.stopInternal Stopping service [Catalina]
09-Sep-2019 09:51:15.353 INFO [main] org.apache.coyote.AbstractProtocol.stop Stopping ProtocolHandler ["http-nio-8080"]
09-Sep-2019 09:51:15.355 INFO [main] org.apache.coyote.AbstractProtocol.destroy Destroying ProtocolHandler ["http-nio-8080"]
09-Sep-2019 09:51:15.355 INFO [main] org.apache.coyote.AbstractProtocol.stop Stopping ProtocolHandler ["ajp-nio-8009"]
09-Sep-2019 09:51:15.356 INFO [main] org.apache.coyote.AbstractProtocol.destroy Destroying ProtocolHandler ["ajp-nio-8009"]
09-Sep-2019 09:52:13.418 INFO [Catalina-utility-1] org.apache.catalina.startup.HostConfig.deployDirectory Deploying web application directory [C:\Program Files\Java\apache-tomcat-9.0.14\webapps\Binfa]
09-Sep-2019 09:52:13.460 INFO [Catalina-utility-1] org.apache.catalina.startup.HostConfig.deployDirectory Deployment of web application directory [C:\Program Files\Java\apache-tomcat-9.0.14\webapps\Binfa] has finished in [42] ms
09-Sep-2019 09:52:19.722 INFO [main] org.apache.catalina.startup.VersionLoggerListener.log Server version name:   Apache Tomcat/9.0.14
09-Sep-2019 09:52:19.729 INFO [main] org.apache.catalina.startup.VersionLoggerListener.log Server built:          Dec 6 2018 21:13:53 UTC
09-Sep-2019 09:52:19.729 INFO [main] org.apache.catalina.startup.VersionLoggerListener.log Server version number: 9.0.14.0
09-Sep-2019 09:52:19.730 INFO [main] org.apache.catalina.startup.VersionLoggerListener.log OS Name:               Windows 10
09-Sep-2019 09:52:19.730 INFO [main] org.apache.catalina.startup.VersionLoggerListener.log OS Version:            10.0
09-Sep-2019 09:52:19.730 INFO [main] org.apache.catalina.startup.VersionLoggerListener.log Architecture:          amd64
09-Sep-2019 09:52:19.732 INFO [main] org.apache.catalina.startup.VersionLoggerListener.log Java Home:             C:\Program Files\Java\jdk-11.0.4
09-Sep-2019 09:52:19.732 INFO [main] org.apache.catalina.startup.VersionLoggerListener.log JVM Version:           11.0.4+10-LTS
09-Sep-2019 09:52:19.733 INFO [main] org.apache.catalina.startup.VersionLoggerListener.log JVM Vendor:            Oracle Corporation
09-Sep-2019 09:52:19.733 INFO [main] org.apache.catalina.startup.VersionLoggerListener.log CATALINA_BASE:         C:\Program Files\Java\apache-tomcat-9.0.14
09-Sep-2019 09:52:19.733 INFO [main] org.apache.catalina.startup.VersionLoggerListener.log CATALINA_HOME:         C:\Program Files\Java\apache-tomcat-9.0.14
09-Sep-2019 09:52:19.733 INFO [main] org.apache.catalina.startup.VersionLoggerListener.log Command line argument: --add-opens=java.base/java.lang=ALL-UNNAMED
09-Sep-2019 09:52:19.734 INFO [main] org.apache.catalina.startup.VersionLoggerListener.log Command line argument: --add-opens=java.base/java.io=ALL-UNNAMED
09-Sep-2019 09:52:19.734 INFO [main] org.apache.catalina.startup.VersionLoggerListener.log Command line argument: --add-opens=java.rmi/sun.rmi.transport=ALL-UNNAMED
09-Sep-2019 09:52:19.734 INFO [main] org.apache.catalina.startup.VersionLoggerListener.log Command line argument: -Djava.util.logging.config.file=C:\Program Files\Java\apache-tomcat-9.0.14\conf\logging.properties
09-Sep-2019 09:52:19.735 INFO [main] org.apache.catalina.startup.VersionLoggerListener.log Command line argument: -Djava.util.logging.manager=org.apache.juli.ClassLoaderLogManager
09-Sep-2019 09:52:19.735 INFO [main] org.apache.catalina.startup.VersionLoggerListener.log Command line argument: -Djdk.tls.ephemeralDHKeySize=2048
09-Sep-2019 09:52:19.736 INFO [main] org.apache.catalina.startup.VersionLoggerListener.log Command line argument: -Djava.protocol.handler.pkgs=org.apache.catalina.webresources
09-Sep-2019 09:52:19.736 INFO [main] org.apache.catalina.startup.VersionLoggerListener.log Command line argument: -Dignore.endorsed.dirs=
09-Sep-2019 09:52:19.737 INFO [main] org.apache.catalina.startup.VersionLoggerListener.log Command line argument: -Dcatalina.base=C:\Program Files\Java\apache-tomcat-9.0.14
09-Sep-2019 09:52:19.739 INFO [main] org.apache.catalina.startup.VersionLoggerListener.log Command line argument: -Dcatalina.home=C:\Program Files\Java\apache-tomcat-9.0.14
09-Sep-2019 09:52:19.740 INFO [main] org.apache.catalina.startup.VersionLoggerListener.log Command line argument: -Djava.io.tmpdir=C:\Program Files\Java\apache-tomcat-9.0.14\temp
09-Sep-2019 09:52:19.740 INFO [main] org.apache.catalina.core.AprLifecycleListener.lifecycleEvent Loaded APR based Apache Tomcat Native library [1.2.19] using APR version [1.6.5].
09-Sep-2019 09:52:19.740 INFO [main] org.apache.catalina.core.AprLifecycleListener.lifecycleEvent APR capabilities: IPv6 [true], sendfile [true], accept filters [false], random [true].
09-Sep-2019 09:52:19.741 INFO [main] org.apache.catalina.core.AprLifecycleListener.lifecycleEvent APR/OpenSSL configuration: useAprConnector [false], useOpenSSL [true]
09-Sep-2019 09:52:19.745 INFO [main] org.apache.catalina.core.AprLifecycleListener.initializeSSL OpenSSL successfully initialized [OpenSSL 1.1.1a  20 Nov 2018]
09-Sep-2019 09:52:19.800 INFO [main] org.apache.coyote.AbstractProtocol.init Initializing ProtocolHandler ["http-nio-8080"]
09-Sep-2019 09:52:19.912 INFO [main] org.apache.coyote.AbstractProtocol.init Initializing ProtocolHandler ["ajp-nio-8009"]
09-Sep-2019 09:52:19.919 INFO [main] org.apache.catalina.startup.Catalina.load Server initialization in [649] milliseconds
09-Sep-2019 09:52:20.005 INFO [main] org.apache.catalina.core.StandardService.startInternal Starting service [Catalina]
09-Sep-2019 09:52:20.006 INFO [main] org.apache.catalina.core.StandardEngine.startInternal Starting Servlet engine: [Apache Tomcat/9.0.14]
09-Sep-2019 09:52:20.019 INFO [main] org.apache.catalina.startup.HostConfig.deployDirectory Deploying web application directory [C:\Program Files\Java\apache-tomcat-9.0.14\webapps\Binfa]
09-Sep-2019 09:52:20.507 INFO [main] org.apache.catalina.startup.HostConfig.deployDirectory Deployment of web application directory [C:\Program Files\Java\apache-tomcat-9.0.14\webapps\Binfa] has finished in [489] ms
09-Sep-2019 09:52:20.508 INFO [main] org.apache.catalina.startup.HostConfig.deployDirectory Deploying web application directory [C:\Program Files\Java\apache-tomcat-9.0.14\webapps\docs]
09-Sep-2019 09:52:20.533 INFO [main] org.apache.catalina.startup.HostConfig.deployDirectory Deployment of web application directory [C:\Program Files\Java\apache-tomcat-9.0.14\webapps\docs] has finished in [26] ms
09-Sep-2019 09:52:20.534 INFO [main] org.apache.catalina.startup.HostConfig.deployDirectory Deploying web application directory [C:\Program Files\Java\apache-tomcat-9.0.14\webapps\examples]
09-Sep-2019 09:52:20.862 INFO [main] org.apache.catalina.startup.HostConfig.deployDirectory Deployment of web application directory [C:\Program Files\Java\apache-tomcat-9.0.14\webapps\examples] has finished in [328] ms
09-Sep-2019 09:52:20.863 INFO [main] org.apache.catalina.startup.HostConfig.deployDirectory Deploying web application directory [C:\Program Files\Java\apache-tomcat-9.0.14\webapps\host-manager]
09-Sep-2019 09:52:20.903 INFO [main] org.apache.catalina.startup.HostConfig.deployDirectory Deployment of web application directory [C:\Program Files\Java\apache-tomcat-9.0.14\webapps\host-manager] has finished in [39] ms
09-Sep-2019 09:52:20.903 INFO [main] org.apache.catalina.startup.HostConfig.deployDirectory Deploying web application directory [C:\Program Files\Java\apache-tomcat-9.0.14\webapps\manager]
09-Sep-2019 09:52:20.946 INFO [main] org.apache.catalina.startup.HostConfig.deployDirectory Deployment of web application directory [C:\Program Files\Java\apache-tomcat-9.0.14\webapps\manager] has finished in [43] ms
09-Sep-2019 09:52:20.947 INFO [main] org.apache.catalina.startup.HostConfig.deployDirectory Deploying web application directory [C:\Program Files\Java\apache-tomcat-9.0.14\webapps\ROOT]
09-Sep-2019 09:52:20.977 INFO [main] org.apache.catalina.startup.HostConfig.deployDirectory Deployment of web application directory [C:\Program Files\Java\apache-tomcat-9.0.14\webapps\ROOT] has finished in [29] ms
09-Sep-2019 09:52:20.979 INFO [main] org.apache.catalina.startup.HostConfig.deployDirectory Deploying web application directory [C:\Program Files\Java\apache-tomcat-9.0.14\webapps\TestServlet]
09-Sep-2019 09:52:21.017 INFO [main] org.apache.catalina.startup.HostConfig.deployDirectory Deployment of web application directory [C:\Program Files\Java\apache-tomcat-9.0.14\webapps\TestServlet] has finished in [37] ms
09-Sep-2019 09:52:21.020 INFO [main] org.apache.coyote.AbstractProtocol.start Starting ProtocolHandler ["http-nio-8080"]
09-Sep-2019 09:52:21.028 INFO [main] org.apache.coyote.AbstractProtocol.start Starting ProtocolHandler ["ajp-nio-8009"]
09-Sep-2019 09:52:21.032 INFO [main] org.apache.catalina.startup.Catalina.start Server startup in [1,111] milliseconds
09-Sep-2019 10:07:50.556 INFO [main] org.apache.catalina.startup.VersionLoggerListener.log Server version name:   Apache Tomcat/9.0.14
09-Sep-2019 10:07:50.560 INFO [main] org.apache.catalina.startup.VersionLoggerListener.log Server built:          Dec 6 2018 21:13:53 UTC
09-Sep-2019 10:07:50.560 INFO [main] org.apache.catalina.startup.VersionLoggerListener.log Server version number: 9.0.14.0
09-Sep-2019 10:07:50.560 INFO [main] org.apache.catalina.startup.VersionLoggerListener.log OS Name:               Windows 10
09-Sep-2019 10:07:50.562 INFO [main] org.apache.catalina.startup.VersionLoggerListener.log OS Version:            10.0
09-Sep-2019 10:07:50.562 INFO [main] org.apache.catalina.startup.VersionLoggerListener.log Architecture:          amd64
09-Sep-2019 10:07:50.563 INFO [main] org.apache.catalina.startup.VersionLoggerListener.log Java Home:             C:\Program Files\Java\jdk-11.0.4
09-Sep-2019 10:07:50.563 INFO [main] org.apache.catalina.startup.VersionLoggerListener.log JVM Version:           11.0.4+10-LTS
09-Sep-2019 10:07:50.563 INFO [main] org.apache.catalina.startup.VersionLoggerListener.log JVM Vendor:            Oracle Corporation
09-Sep-2019 10:07:50.564 INFO [main] org.apache.catalina.startup.VersionLoggerListener.log CATALINA_BASE:         C:\Program Files\Java\apache-tomcat-9.0.14
09-Sep-2019 10:07:50.564 INFO [main] org.apache.catalina.startup.VersionLoggerListener.log CATALINA_HOME:         C:\Program Files\Java\apache-tomcat-9.0.14
09-Sep-2019 10:07:50.564 INFO [main] org.apache.catalina.startup.VersionLoggerListener.log Command line argument: --add-opens=java.base/java.lang=ALL-UNNAMED
09-Sep-2019 10:07:50.564 INFO [main] org.apache.catalina.startup.VersionLoggerListener.log Command line argument: --add-opens=java.base/java.io=ALL-UNNAMED
09-Sep-2019 10:07:50.565 INFO [main] org.apache.catalina.startup.VersionLoggerListener.log Command line argument: --add-opens=java.rmi/sun.rmi.transport=ALL-UNNAMED
09-Sep-2019 10:07:50.565 INFO [main] org.apache.catalina.startup.VersionLoggerListener.log Command line argument: -Djava.util.logging.config.file=C:\Program Files\Java\apache-tomcat-9.0.14\conf\logging.properties
09-Sep-2019 10:07:50.565 INFO [main] org.apache.catalina.startup.VersionLoggerListener.log Command line argument: -Djava.util.logging.manager=org.apache.juli.ClassLoaderLogManager
09-Sep-2019 10:07:50.566 INFO [main] org.apache.catalina.startup.VersionLoggerListener.log Command line argument: -Djdk.tls.ephemeralDHKeySize=2048
09-Sep-2019 10:07:50.566 INFO [main] org.apache.catalina.startup.VersionLoggerListener.log Command line argument: -Djava.protocol.handler.pkgs=org.apache.catalina.webresources
09-Sep-2019 10:07:50.567 INFO [main] org.apache.catalina.startup.VersionLoggerListener.log Command line argument: -Dignore.endorsed.dirs=
09-Sep-2019 10:07:50.567 INFO [main] org.apache.catalina.startup.VersionLoggerListener.log Command line argument: -Dcatalina.base=C:\Program Files\Java\apache-tomcat-9.0.14
09-Sep-2019 10:07:50.567 INFO [main] org.apache.catalina.startup.VersionLoggerListener.log Command line argument: -Dcatalina.home=C:\Program Files\Java\apache-tomcat-9.0.14
09-Sep-2019 10:07:50.567 INFO [main] org.apache.catalina.startup.VersionLoggerListener.log Command line argument: -Djava.io.tmpdir=C:\Program Files\Java\apache-tomcat-9.0.14\temp
09-Sep-2019 10:07:50.568 INFO [main] org.apache.catalina.core.AprLifecycleListener.lifecycleEvent Loaded APR based Apache Tomcat Native library [1.2.19] using APR version [1.6.5].
09-Sep-2019 10:07:50.568 INFO [main] org.apache.catalina.core.AprLifecycleListener.lifecycleEvent APR capabilities: IPv6 [true], sendfile [true], accept filters [false], random [true].
09-Sep-2019 10:07:50.568 INFO [main] org.apache.catalina.core.AprLifecycleListener.lifecycleEvent APR/OpenSSL configuration: useAprConnector [false], useOpenSSL [true]
09-Sep-2019 10:07:50.574 INFO [main] org.apache.catalina.core.AprLifecycleListener.initializeSSL OpenSSL successfully initialized [OpenSSL 1.1.1a  20 Nov 2018]
09-Sep-2019 10:07:50.619 INFO [main] org.apache.coyote.AbstractProtocol.init Initializing ProtocolHandler ["http-nio-8080"]
09-Sep-2019 10:07:50.714 INFO [main] org.apache.coyote.AbstractProtocol.init Initializing ProtocolHandler ["ajp-nio-8009"]
09-Sep-2019 10:07:50.718 INFO [main] org.apache.catalina.startup.Catalina.load Server initialization in [588] milliseconds
09-Sep-2019 10:07:50.774 INFO [main] org.apache.catalina.core.StandardService.startInternal Starting service [Catalina]
09-Sep-2019 10:07:50.774 INFO [main] org.apache.catalina.core.StandardEngine.startInternal Starting Servlet engine: [Apache Tomcat/9.0.14]
09-Sep-2019 10:07:50.784 INFO [main] org.apache.catalina.startup.HostConfig.deployDirectory Deploying web application directory [C:\Program Files\Java\apache-tomcat-9.0.14\webapps\Binfa]
09-Sep-2019 10:07:51.213 INFO [main] org.apache.catalina.startup.HostConfig.deployDirectory Deployment of web application directory [C:\Program Files\Java\apache-tomcat-9.0.14\webapps\Binfa] has finished in [429] ms
09-Sep-2019 10:07:51.214 INFO [main] org.apache.catalina.startup.HostConfig.deployDirectory Deploying web application directory [C:\Program Files\Java\apache-tomcat-9.0.14\webapps\docs]
09-Sep-2019 10:07:51.243 INFO [main] org.apache.catalina.startup.HostConfig.deployDirectory Deployment of web application directory [C:\Program Files\Java\apache-tomcat-9.0.14\webapps\docs] has finished in [29] ms
09-Sep-2019 10:07:51.244 INFO [main] org.apache.catalina.startup.HostConfig.deployDirectory Deploying web application directory [C:\Program Files\Java\apache-tomcat-9.0.14\webapps\examples]
09-Sep-2019 10:07:51.552 INFO [main] org.apache.catalina.startup.HostConfig.deployDirectory Deployment of web application directory [C:\Program Files\Java\apache-tomcat-9.0.14\webapps\examples] has finished in [307] ms
09-Sep-2019 10:07:51.553 INFO [main] org.apache.catalina.startup.HostConfig.deployDirectory Deploying web application directory [C:\Program Files\Java\apache-tomcat-9.0.14\webapps\host-manager]
09-Sep-2019 10:07:51.609 INFO [main] org.apache.catalina.startup.HostConfig.deployDirectory Deployment of web application directory [C:\Program Files\Java\apache-tomcat-9.0.14\webapps\host-manager] has finished in [56] ms
09-Sep-2019 10:07:51.610 INFO [main] org.apache.catalina.startup.HostConfig.deployDirectory Deploying web application directory [C:\Program Files\Java\apache-tomcat-9.0.14\webapps\manager]
09-Sep-2019 10:07:51.648 INFO [main] org.apache.catalina.startup.HostConfig.deployDirectory Deployment of web application directory [C:\Program Files\Java\apache-tomcat-9.0.14\webapps\manager] has finished in [38] ms
09-Sep-2019 10:07:51.649 INFO [main] org.apache.catalina.startup.HostConfig.deployDirectory Deploying web application directory [C:\Program Files\Java\apache-tomcat-9.0.14\webapps\ROOT]
09-Sep-2019 10:07:51.674 INFO [main] org.apache.catalina.startup.HostConfig.deployDirectory Deployment of web application directory [C:\Program Files\Java\apache-tomcat-9.0.14\webapps\ROOT] has finished in [24] ms
09-Sep-2019 10:07:51.674 INFO [main] org.apache.catalina.startup.HostConfig.deployDirectory Deploying web application directory [C:\Program Files\Java\apache-tomcat-9.0.14\webapps\TestServlet]
09-Sep-2019 10:07:51.707 INFO [main] org.apache.catalina.startup.HostConfig.deployDirectory Deployment of web application directory [C:\Program Files\Java\apache-tomcat-9.0.14\webapps\TestServlet] has finished in [33] ms
09-Sep-2019 10:07:51.712 INFO [main] org.apache.coyote.AbstractProtocol.start Starting ProtocolHandler ["http-nio-8080"]
09-Sep-2019 10:07:51.723 INFO [main] org.apache.coyote.AbstractProtocol.start Starting ProtocolHandler ["ajp-nio-8009"]
09-Sep-2019 10:07:51.728 INFO [main] org.apache.catalina.startup.Catalina.start Server startup in [1,009] milliseconds
09-Sep-2019 10:10:34.314 INFO [main] org.apache.catalina.startup.VersionLoggerListener.log Server version name:   Apache Tomcat/9.0.14
09-Sep-2019 10:10:34.317 INFO [main] org.apache.catalina.startup.VersionLoggerListener.log Server built:          Dec 6 2018 21:13:53 UTC
09-Sep-2019 10:10:34.318 INFO [main] org.apache.catalina.startup.VersionLoggerListener.log Server version number: 9.0.14.0
09-Sep-2019 10:10:34.318 INFO [main] org.apache.catalina.startup.VersionLoggerListener.log OS Name:               Windows 10
09-Sep-2019 10:10:34.318 INFO [main] org.apache.catalina.startup.VersionLoggerListener.log OS Version:            10.0
09-Sep-2019 10:10:34.320 INFO [main] org.apache.catalina.startup.VersionLoggerListener.log Architecture:          amd64
09-Sep-2019 10:10:34.320 INFO [main] org.apache.catalina.startup.VersionLoggerListener.log Java Home:             C:\Program Files\Java\jdk-11.0.4
09-Sep-2019 10:10:34.321 INFO [main] org.apache.catalina.startup.VersionLoggerListener.log JVM Version:           11.0.4+10-LTS
09-Sep-2019 10:10:34.322 INFO [main] org.apache.catalina.startup.VersionLoggerListener.log JVM Vendor:            Oracle Corporation
09-Sep-2019 10:10:34.322 INFO [main] org.apache.catalina.startup.VersionLoggerListener.log CATALINA_BASE:         C:\Program Files\Java\apache-tomcat-9.0.14
09-Sep-2019 10:10:34.323 INFO [main] org.apache.catalina.startup.VersionLoggerListener.log CATALINA_HOME:         C:\Program Files\Java\apache-tomcat-9.0.14
09-Sep-2019 10:10:34.323 INFO [main] org.apache.catalina.startup.VersionLoggerListener.log Command line argument: --add-opens=java.base/java.lang=ALL-UNNAMED
09-Sep-2019 10:10:34.324 INFO [main] org.apache.catalina.startup.VersionLoggerListener.log Command line argument: --add-opens=java.base/java.io=ALL-UNNAMED
09-Sep-2019 10:10:34.324 INFO [main] org.apache.catalina.startup.VersionLoggerListener.log Command line argument: --add-opens=java.rmi/sun.rmi.transport=ALL-UNNAMED
09-Sep-2019 10:10:34.324 INFO [main] org.apache.catalina.startup.VersionLoggerListener.log Command line argument: -Djava.util.logging.config.file=C:\Program Files\Java\apache-tomcat-9.0.14\conf\logging.properties
09-Sep-2019 10:10:34.325 INFO [main] org.apache.catalina.startup.VersionLoggerListener.log Command line argument: -Djava.util.logging.manager=org.apache.juli.ClassLoaderLogManager
09-Sep-2019 10:10:34.325 INFO [main] org.apache.catalina.startup.VersionLoggerListener.log Command line argument: -Djdk.tls.ephemeralDHKeySize=2048
09-Sep-2019 10:10:34.326 INFO [main] org.apache.catalina.startup.VersionLoggerListener.log Command line argument: -Djava.protocol.handler.pkgs=org.apache.catalina.webresources
09-Sep-2019 10:10:34.328 INFO [main] org.apache.catalina.startup.VersionLoggerListener.log Command line argument: -Dignore.endorsed.dirs=
09-Sep-2019 10:10:34.328 INFO [main] org.apache.catalina.startup.VersionLoggerListener.log Command line argument: -Dcatalina.base=C:\Program Files\Java\apache-tomcat-9.0.14
09-Sep-2019 10:10:34.328 INFO [main] org.apache.catalina.startup.VersionLoggerListener.log Command line argument: -Dcatalina.home=C:\Program Files\Java\apache-tomcat-9.0.14
09-Sep-2019 10:10:34.329 INFO [main] org.apache.catalina.startup.VersionLoggerListener.log Command line argument: -Djava.io.tmpdir=C:\Program Files\Java\apache-tomcat-9.0.14\temp
09-Sep-2019 10:10:34.329 INFO [main] org.apache.catalina.core.AprLifecycleListener.lifecycleEvent Loaded APR based Apache Tomcat Native library [1.2.19] using APR version [1.6.5].
09-Sep-2019 10:10:34.330 INFO [main] org.apache.catalina.core.AprLifecycleListener.lifecycleEvent APR capabilities: IPv6 [true], sendfile [true], accept filters [false], random [true].
09-Sep-2019 10:10:34.330 INFO [main] org.apache.catalina.core.AprLifecycleListener.lifecycleEvent APR/OpenSSL configuration: useAprConnector [false], useOpenSSL [true]
09-Sep-2019 10:10:34.334 INFO [main] org.apache.catalina.core.AprLifecycleListener.initializeSSL OpenSSL successfully initialized [OpenSSL 1.1.1a  20 Nov 2018]
09-Sep-2019 10:10:34.384 INFO [main] org.apache.coyote.AbstractProtocol.init Initializing ProtocolHandler ["http-nio-8080"]
09-Sep-2019 10:10:34.488 INFO [main] org.apache.coyote.AbstractProtocol.init Initializing ProtocolHandler ["ajp-nio-8009"]
09-Sep-2019 10:10:34.493 INFO [main] org.apache.catalina.startup.Catalina.load Server initialization in [631] milliseconds
09-Sep-2019 10:10:34.559 INFO [main] org.apache.catalina.core.StandardService.startInternal Starting service [Catalina]
09-Sep-2019 10:10:34.559 INFO [main] org.apache.catalina.core.StandardEngine.startInternal Starting Servlet engine: [Apache Tomcat/9.0.14]
09-Sep-2019 10:10:34.571 INFO [main] org.apache.catalina.startup.HostConfig.deployDirectory Deploying web application directory [C:\Program Files\Java\apache-tomcat-9.0.14\webapps\Binfa]
09-Sep-2019 10:10:35.155 INFO [main] org.apache.catalina.startup.HostConfig.deployDirectory Deployment of web application directory [C:\Program Files\Java\apache-tomcat-9.0.14\webapps\Binfa] has finished in [583] ms
09-Sep-2019 10:10:35.155 INFO [main] org.apache.catalina.startup.HostConfig.deployDirectory Deploying web application directory [C:\Program Files\Java\apache-tomcat-9.0.14\webapps\docs]
09-Sep-2019 10:10:35.205 INFO [main] org.apache.catalina.startup.HostConfig.deployDirectory Deployment of web application directory [C:\Program Files\Java\apache-tomcat-9.0.14\webapps\docs] has finished in [50] ms
09-Sep-2019 10:10:35.206 INFO [main] org.apache.catalina.startup.HostConfig.deployDirectory Deploying web application directory [C:\Program Files\Java\apache-tomcat-9.0.14\webapps\examples]
09-Sep-2019 10:10:35.683 INFO [main] org.apache.catalina.startup.HostConfig.deployDirectory Deployment of web application directory [C:\Program Files\Java\apache-tomcat-9.0.14\webapps\examples] has finished in [477] ms
09-Sep-2019 10:10:35.684 INFO [main] org.apache.catalina.startup.HostConfig.deployDirectory Deploying web application directory [C:\Program Files\Java\apache-tomcat-9.0.14\webapps\host-manager]
09-Sep-2019 10:10:35.733 INFO [main] org.apache.catalina.startup.HostConfig.deployDirectory Deployment of web application directory [C:\Program Files\Java\apache-tomcat-9.0.14\webapps\host-manager] has finished in [49] ms
09-Sep-2019 10:10:35.734 INFO [main] org.apache.catalina.startup.HostConfig.deployDirectory Deploying web application directory [C:\Program Files\Java\apache-tomcat-9.0.14\webapps\manager]
09-Sep-2019 10:10:35.768 INFO [main] org.apache.catalina.startup.HostConfig.deployDirectory Deployment of web application directory [C:\Program Files\Java\apache-tomcat-9.0.14\webapps\manager] has finished in [34] ms
09-Sep-2019 10:10:35.769 INFO [main] org.apache.catalina.startup.HostConfig.deployDirectory Deploying web application directory [C:\Program Files\Java\apache-tomcat-9.0.14\webapps\ROOT]
09-Sep-2019 10:10:35.805 INFO [main] org.apache.catalina.startup.HostConfig.deployDirectory Deployment of web application directory [C:\Program Files\Java\apache-tomcat-9.0.14\webapps\ROOT] has finished in [36] ms
09-Sep-2019 10:10:35.806 INFO [main] org.apache.catalina.startup.HostConfig.deployDirectory Deploying web application directory [C:\Program Files\Java\apache-tomcat-9.0.14\webapps\TestServlet]
09-Sep-2019 10:10:35.849 INFO [main] org.apache.catalina.startup.HostConfig.deployDirectory Deployment of web application directory [C:\Program Files\Java\apache-tomcat-9.0.14\webapps\TestServlet] has finished in [43] ms
09-Sep-2019 10:10:35.854 INFO [main] org.apache.coyote.AbstractProtocol.start Starting ProtocolHandler ["http-nio-8080"]
09-Sep-2019 10:10:35.865 INFO [main] org.apache.coyote.AbstractProtocol.start Starting ProtocolHandler ["ajp-nio-8009"]
09-Sep-2019 10:10:35.870 INFO [main] org.apache.catalina.startup.Catalina.start Server startup in [1,376] milliseconds
