09-Sep-2019 09:14:36.595 INFO [main] org.apache.catalina.core.ApplicationContext.log ContextListener: contextInitialized()
09-Sep-2019 09:14:36.595 INFO [main] org.apache.catalina.core.ApplicationContext.log SessionListener: contextInitialized()
09-Sep-2019 09:14:36.596 INFO [main] org.apache.catalina.core.ApplicationContext.log ContextListener: attributeAdded('StockTicker', 'async.Stockticker@21680803')
09-Sep-2019 09:51:15.161 INFO [main] org.apache.catalina.core.ApplicationContext.log ContextListener: contextInitialized()
09-Sep-2019 09:51:15.161 INFO [main] org.apache.catalina.core.ApplicationContext.log SessionListener: contextInitialized()
09-Sep-2019 09:51:15.164 INFO [main] org.apache.catalina.core.ApplicationContext.log ContextListener: attributeAdded('StockTicker', 'async.Stockticker@475b7792')
09-Sep-2019 09:51:15.341 INFO [main] org.apache.catalina.core.ApplicationContext.log SessionListener: contextDestroyed()
09-Sep-2019 09:51:15.341 INFO [main] org.apache.catalina.core.ApplicationContext.log ContextListener: contextDestroyed()
09-Sep-2019 09:52:20.850 INFO [main] org.apache.catalina.core.ApplicationContext.log ContextListener: contextInitialized()
09-Sep-2019 09:52:20.850 INFO [main] org.apache.catalina.core.ApplicationContext.log SessionListener: contextInitialized()
09-Sep-2019 09:52:20.852 INFO [main] org.apache.catalina.core.ApplicationContext.log ContextListener: attributeAdded('StockTicker', 'async.Stockticker@1cefc4b3')
09-Sep-2019 09:52:30.036 INFO [http-nio-8080-exec-7] org.apache.catalina.core.ApplicationContext.log Marking servlet [Binfa] as unavailable
09-Sep-2019 09:52:30.037 SEVERE [http-nio-8080-exec-7] org.apache.catalina.core.StandardWrapperValve.invoke Allocate exception for servlet [Binfa]
 java.lang.ClassCastException: class com.company.Main cannot be cast to class javax.servlet.Servlet (com.company.Main is in unnamed module of loader org.apache.catalina.loader.ParallelWebappClassLoader @16c63f5; javax.servlet.Servlet is in unnamed module of loader java.net.URLClassLoader @7d907bac)
	at org.apache.catalina.core.StandardWrapper.loadServlet(StandardWrapper.java:1031)
	at org.apache.catalina.core.StandardWrapper.allocate(StandardWrapper.java:761)
	at org.apache.catalina.core.StandardWrapperValve.invoke(StandardWrapperValve.java:133)
	at org.apache.catalina.core.StandardContextValve.invoke(StandardContextValve.java:96)
	at org.apache.catalina.authenticator.AuthenticatorBase.invoke(AuthenticatorBase.java:490)
	at org.apache.catalina.core.StandardHostValve.invoke(StandardHostValve.java:139)
	at org.apache.catalina.valves.ErrorReportValve.invoke(ErrorReportValve.java:92)
	at org.apache.catalina.valves.AbstractAccessLogValve.invoke(AbstractAccessLogValve.java:668)
	at org.apache.catalina.core.StandardEngineValve.invoke(StandardEngineValve.java:74)
	at org.apache.catalina.connector.CoyoteAdapter.service(CoyoteAdapter.java:343)
	at org.apache.coyote.http11.Http11Processor.service(Http11Processor.java:408)
	at org.apache.coyote.AbstractProcessorLight.process(AbstractProcessorLight.java:66)
	at org.apache.coyote.AbstractProtocol$ConnectionHandler.process(AbstractProtocol.java:834)
	at org.apache.tomcat.util.net.NioEndpoint$SocketProcessor.doRun(NioEndpoint.java:1417)
	at org.apache.tomcat.util.net.SocketProcessorBase.run(SocketProcessorBase.java:49)
	at java.base/java.util.concurrent.ThreadPoolExecutor.runWorker(ThreadPoolExecutor.java:1128)
	at java.base/java.util.concurrent.ThreadPoolExecutor$Worker.run(ThreadPoolExecutor.java:628)
	at org.apache.tomcat.util.threads.TaskThread$WrappingRunnable.run(TaskThread.java:61)
	at java.base/java.lang.Thread.run(Thread.java:834)

09-Sep-2019 10:07:51.542 INFO [main] org.apache.catalina.core.ApplicationContext.log ContextListener: contextInitialized()
09-Sep-2019 10:07:51.542 INFO [main] org.apache.catalina.core.ApplicationContext.log SessionListener: contextInitialized()
09-Sep-2019 10:07:51.545 INFO [main] org.apache.catalina.core.ApplicationContext.log ContextListener: attributeAdded('StockTicker', 'async.Stockticker@3a45c42a')
09-Sep-2019 10:10:35.672 INFO [main] org.apache.catalina.core.ApplicationContext.log ContextListener: contextInitialized()
09-Sep-2019 10:10:35.672 INFO [main] org.apache.catalina.core.ApplicationContext.log SessionListener: contextInitialized()
09-Sep-2019 10:10:35.674 INFO [main] org.apache.catalina.core.ApplicationContext.log ContextListener: attributeAdded('StockTicker', 'async.Stockticker@70f43b45')
