10-Sep-2019 17:44:43.487 INFO [main] org.apache.catalina.core.ApplicationContext.log ContextListener: contextInitialized()
10-Sep-2019 17:44:43.487 INFO [main] org.apache.catalina.core.ApplicationContext.log SessionListener: contextInitialized()
10-Sep-2019 17:44:43.489 INFO [main] org.apache.catalina.core.ApplicationContext.log ContextListener: attributeAdded('StockTicker', 'async.Stockticker@27a0a5a2')
10-Sep-2019 17:48:32.377 INFO [main] org.apache.catalina.core.ApplicationContext.log ContextListener: contextInitialized()
10-Sep-2019 17:48:32.379 INFO [main] org.apache.catalina.core.ApplicationContext.log SessionListener: contextInitialized()
10-Sep-2019 17:48:32.383 INFO [main] org.apache.catalina.core.ApplicationContext.log ContextListener: attributeAdded('StockTicker', 'async.Stockticker@7561db12')
10-Sep-2019 17:50:24.080 INFO [Thread-4] org.apache.catalina.core.ApplicationContext.log SessionListener: contextDestroyed()
10-Sep-2019 17:50:24.081 INFO [Thread-4] org.apache.catalina.core.ApplicationContext.log ContextListener: contextDestroyed()
10-Sep-2019 17:50:27.919 INFO [main] org.apache.catalina.core.ApplicationContext.log ContextListener: contextInitialized()
10-Sep-2019 17:50:27.919 INFO [main] org.apache.catalina.core.ApplicationContext.log SessionListener: contextInitialized()
10-Sep-2019 17:50:27.922 INFO [main] org.apache.catalina.core.ApplicationContext.log ContextListener: attributeAdded('StockTicker', 'async.Stockticker@7692cd34')
10-Sep-2019 17:53:41.390 INFO [Thread-4] org.apache.catalina.core.ApplicationContext.log SessionListener: contextDestroyed()
10-Sep-2019 17:53:41.390 INFO [Thread-4] org.apache.catalina.core.ApplicationContext.log ContextListener: contextDestroyed()
10-Sep-2019 17:53:44.619 INFO [main] org.apache.catalina.core.ApplicationContext.log ContextListener: contextInitialized()
10-Sep-2019 17:53:44.620 INFO [main] org.apache.catalina.core.ApplicationContext.log SessionListener: contextInitialized()
10-Sep-2019 17:53:44.621 INFO [main] org.apache.catalina.core.ApplicationContext.log ContextListener: attributeAdded('StockTicker', 'async.Stockticker@33aa93c')
10-Sep-2019 17:56:19.561 INFO [main] org.apache.catalina.core.ApplicationContext.log ContextListener: contextInitialized()
10-Sep-2019 17:56:19.561 INFO [main] org.apache.catalina.core.ApplicationContext.log SessionListener: contextInitialized()
10-Sep-2019 17:56:19.563 INFO [main] org.apache.catalina.core.ApplicationContext.log ContextListener: attributeAdded('StockTicker', 'async.Stockticker@24855019')
10-Sep-2019 17:56:19.747 INFO [main] org.apache.catalina.core.ApplicationContext.log SessionListener: contextDestroyed()
10-Sep-2019 17:56:19.747 INFO [main] org.apache.catalina.core.ApplicationContext.log ContextListener: contextDestroyed()
10-Sep-2019 17:56:48.645 INFO [main] org.apache.catalina.core.ApplicationContext.log ContextListener: contextInitialized()
10-Sep-2019 17:56:48.645 INFO [main] org.apache.catalina.core.ApplicationContext.log SessionListener: contextInitialized()
10-Sep-2019 17:56:48.647 INFO [main] org.apache.catalina.core.ApplicationContext.log ContextListener: attributeAdded('StockTicker', 'async.Stockticker@27a0a5a2')
